<?xml version="1.0" encoding="UTF-8" ?>
<testsuites name="vitest tests" tests="319" failures="0" errors="0" time="39.503782706">
    <testsuite name="tests/integration/agent-discovery-eval.test.ts" timestamp="2026-07-11T07:11:59.679Z" hostname="DRM4Pro.localdomain" tests="1" failures="0" errors="0" skipped="0" time="4.855613958">
        <testcase classname="tests/integration/agent-discovery-eval.test.ts" name="agent discovery eval harness &gt; regex-small agent discovers guidance and handles known failures safely" time="4.854856125">
        </testcase>
    </testsuite>
    <testsuite name="tests/integration/agent-guide.test.ts" timestamp="2026-07-11T07:11:59.679Z" hostname="DRM4Pro.localdomain" tests="5" failures="0" errors="0" skipped="0" time="1.072176666">
        <testcase classname="tests/integration/agent-guide.test.ts" name="agent guide &gt; catalog tells agents how to discover commands and recover errors" time="0.003624">
        </testcase>
        <testcase classname="tests/integration/agent-guide.test.ts" name="agent guide &gt; catalog tells agents to use user invite for normal tenant member management" time="0.003305583">
        </testcase>
        <testcase classname="tests/integration/agent-guide.test.ts" name="agent guide &gt; catalog tells agents how to choose document workflow versus resource files" time="0.005920417">
        </testcase>
        <testcase classname="tests/integration/agent-guide.test.ts" name="agent guide &gt; prints the agent guide in text mode" time="0.578400875">
        </testcase>
        <testcase classname="tests/integration/agent-guide.test.ts" name="agent guide &gt; prints the agent guide in JSON mode" time="0.480021417">
        </testcase>
    </testsuite>
    <testsuite name="tests/integration/dedicated-tenant-lifecycle.test.ts" timestamp="2026-07-11T07:11:59.680Z" hostname="DRM4Pro.localdomain" tests="2" failures="0" errors="0" skipped="0" time="0.151941">
        <testcase classname="tests/integration/dedicated-tenant-lifecycle.test.ts" name="dedicated tenant lifecycle &gt; creates a tenant, provisions dedicated storage, and CRUDs resources via ResourceAPI" time="0.115561">
        </testcase>
        <testcase classname="tests/integration/dedicated-tenant-lifecycle.test.ts" name="dedicated tenant lifecycle &gt; creates a child tenant with active tenant context without redundant bootstrap when already usable" time="0.0356615">
        </testcase>
    </testsuite>
    <testsuite name="tests/integration/dev.test.ts" timestamp="2026-07-11T07:11:59.680Z" hostname="DRM4Pro.localdomain" tests="5" failures="0" errors="0" skipped="0" time="0.002729375">
        <testcase classname="tests/integration/dev.test.ts" name="eai dev spawn configuration &gt; builds the npm dev script arguments with Turbopack enabled" time="0.001147792">
        </testcase>
        <testcase classname="tests/integration/dev.test.ts" name="eai dev spawn configuration &gt; builds the npm dev script arguments with Turbopack disabled" time="0.000095625">
        </testcase>
        <testcase classname="tests/integration/dev.test.ts" name="eai dev spawn configuration &gt; uses shell mode only on Windows so npm.cmd can launch reliably" time="0.000152375">
        </testcase>
        <testcase classname="tests/integration/dev.test.ts" name="eai dev port validation &gt; normalizes valid numeric ports" time="0.00018925">
        </testcase>
        <testcase classname="tests/integration/dev.test.ts" name="eai dev port validation &gt; rejects invalid or shell-sensitive port values" time="0.000110792">
        </testcase>
    </testsuite>
    <testsuite name="tests/integration/error-guidance.test.ts" timestamp="2026-07-11T07:11:59.681Z" hostname="DRM4Pro.localdomain" tests="13" failures="0" errors="0" skipped="0" time="1.4509305">
        <testcase classname="tests/integration/error-guidance.test.ts" name="error guidance catalog &gt; all bundled guidance entries are valid and public-safe" time="0.002312791">
        </testcase>
        <testcase classname="tests/integration/error-guidance.test.ts" name="error guidance catalog &gt; text errors explain why the error happened and what to try next" time="0.0003645">
        </testcase>
        <testcase classname="tests/integration/error-guidance.test.ts" name="error guidance catalog &gt; JSON errors preserve suggestion and add agent guidance" time="0.000321041">
        </testcase>
        <testcase classname="tests/integration/error-guidance.test.ts" name="error guidance catalog &gt; tenant authorization guidance includes bounded next steps" time="0.000120083">
        </testcase>
        <testcase classname="tests/integration/error-guidance.test.ts" name="error guidance catalog &gt; permission guidance sends normal user addition through user invite before child bootstrap repair" time="0.000090083">
        </testcase>
        <testcase classname="tests/integration/error-guidance.test.ts" name="error guidance catalog &gt; child relation guidance tells agents to use user invite for normal member management" time="0.000133292">
        </testcase>
        <testcase classname="tests/integration/error-guidance.test.ts" name="error guidance catalog &gt; user invite external-service guidance routes agents through existing member role repair" time="0.000146208">
        </testcase>
        <testcase classname="tests/integration/error-guidance.test.ts" name="error guidance catalog &gt; app-token missing tenant guidance routes agents to tenant-scoped platform paths first" time="0.000174375">
        </testcase>
        <testcase classname="tests/integration/error-guidance.test.ts" name="error guidance catalog &gt; install-registry NO_MATCH maps to non-retryable provisioning guidance" time="0.000126208">
        </testcase>
        <testcase classname="tests/integration/error-guidance.test.ts" name="error guidance catalog &gt; semantic resource search guidance tells agents to use fulltext fallback" time="0.000408417">
        </testcase>
        <testcase classname="tests/integration/error-guidance.test.ts" name="eai errors command &gt; explains an error code in text mode" time="0.663939917">
        </testcase>
        <testcase classname="tests/integration/error-guidance.test.ts" name="eai errors command &gt; explains a reason code in JSON mode for agents" time="0.44974075">
        </testcase>
        <testcase classname="tests/integration/error-guidance.test.ts" name="eai errors command &gt; lists known guidance in JSON mode" time="0.331327375">
        </testcase>
    </testsuite>
    <testsuite name="tests/integration/full-e2e-smoke.test.ts" timestamp="2026-07-11T07:11:59.681Z" hostname="DRM4Pro.localdomain" tests="5" failures="0" errors="0" skipped="0" time="2.001834458">
        <testcase classname="tests/integration/full-e2e-smoke.test.ts" name="full e2e smoke traceability &gt; covers every public CLI leaf command from --describe" time="0.786059042">
        </testcase>
        <testcase classname="tests/integration/full-e2e-smoke.test.ts" name="full e2e smoke traceability &gt; generated plan documents option-level and alias coverage" time="0.544789708">
        </testcase>
        <testcase classname="tests/integration/full-e2e-smoke.test.ts" name="full e2e smoke traceability &gt; redacts password-like values when live auth preflight fails" time="0.669165958">
        </testcase>
        <testcase classname="tests/integration/full-e2e-smoke.test.ts" name="full e2e smoke traceability &gt; resource update smoke uses full replacement payloads for required fields" time="0.000436625">
        </testcase>
        <testcase classname="tests/integration/full-e2e-smoke.test.ts" name="full e2e smoke traceability &gt; live smoke executes opt-in invite, negative, and child cleanup paths" time="0.000373584">
        </testcase>
    </testsuite>
    <testsuite name="tests/integration/help.test.ts" timestamp="2026-07-11T07:11:59.682Z" hostname="DRM4Pro.localdomain" tests="5" failures="0" errors="0" skipped="0" time="6.763065041">
        <testcase classname="tests/integration/help.test.ts" name="CLI help output &gt; top-level help highlights the current update and getting-started workflows" time="0.621948916">
        </testcase>
        <testcase classname="tests/integration/help.test.ts" name="CLI help output &gt; login help explains the sign-in and tenant selection flow" time="0.500627834">
        </testcase>
        <testcase classname="tests/integration/help.test.ts" name="CLI help output &gt; docs help includes the simple upload-classify-index workflow" time="0.347505083">
        </testcase>
        <testcase classname="tests/integration/help.test.ts" name="CLI help output &gt; --describe outputs valid parseable JSON with the agent recovery guide" time="0.294000209">
        </testcase>
        <testcase classname="tests/integration/help.test.ts" name="CLI help output &gt; verify, runtime, deploy, doctor, gofer, template, publicapi, and update help include concrete examples" time="4.998226541">
        </testcase>
    </testsuite>
    <testsuite name="tests/integration/init.test.ts" timestamp="2026-07-11T07:11:59.682Z" hostname="DRM4Pro.localdomain" tests="16" failures="0" errors="0" skipped="0" time="10.537201958">
        <testcase classname="tests/integration/init.test.ts" name="eai init &gt; TC001: Initialize new app interactively" time="1.575810709">
        </testcase>
        <testcase classname="tests/integration/init.test.ts" name="eai init &gt; HP002: Initialize into the current empty folder when selected" time="1.744109833">
            <system-out>
→ Created app civica-migration under company tenant tenant-123.

Creating Civica Migration



✓ Created Civica Migration at /private/var/folders/rk/fdfz1nk12vg880j9mr4rrl8h0000gn/T/eai-test-xu4Agc/civica-migration

Next steps:

Main company tenant: tenant-123
Bound to tenant: tenant-123
Run eai provision entra inside the project to set up Entra authentication.
Template: /var/folders/rk/fdfz1nk12vg880j9mr4rrl8h0000gn/T/eai-test-xu4Agc/eai-app-template
Gofer: Claude /0_gofer_start; Codex uses the repo-local Gofer skills; Gemini /gofer:1_gofer_research; Copilot .github prompts/skills.
Package profile: external
CLI docs: https://github.com/eai-tools/eai


            </system-out>
        </testcase>
        <testcase classname="tests/integration/init.test.ts" name="eai init &gt; BP001: Scaffolds into a non-empty current folder" time="1.941988459">
        </testcase>
        <testcase classname="tests/integration/init.test.ts" name="eai init &gt; HP003: init shows tenant hierarchy when choosing another main company tenant" time="1.481063125">
            <system-out>
→ Created app hierarchy-app under company tenant tenant-current.

Creating Hierarchy App



✓ Created Hierarchy App at /private/var/folders/rk/fdfz1nk12vg880j9mr4rrl8h0000gn/T/eai-test-2bGVY1/hierarchy-app

Next steps:

Main company tenant: tenant-child
Bound to tenant: tenant-current
Run eai provision entra inside the project to set up Entra authentication.
Template: /var/folders/rk/fdfz1nk12vg880j9mr4rrl8h0000gn/T/eai-test-2bGVY1/eai-app-template
Gofer: Claude /0_gofer_start; Codex uses the repo-local Gofer skills; Gemini /gofer:1_gofer_research; Copilot .github prompts/skills.
Package profile: external
CLI docs: https://github.com/eai-tools/eai


            </system-out>
        </testcase>
        <testcase classname="tests/integration/init.test.ts" name="eai init &gt; TC002c: --current-dir works with --skip-prompts for automation" time="1.004769417">
            <system-out>
→ Created app current-dir-app under company tenant tenant-parent.

Creating Current Dir App



✓ Created Current Dir App at /private/var/folders/rk/fdfz1nk12vg880j9mr4rrl8h0000gn/T/eai-test-YYBEpz/current-dir-app

Next steps:

Main company tenant: tenant-parent
Bound to tenant: tenant-parent
Run eai provision entra inside the project to set up Entra authentication.
Template: /var/folders/rk/fdfz1nk12vg880j9mr4rrl8h0000gn/T/eai-test-YYBEpz/eai-app-template
Gofer: Claude /0_gofer_start; Codex uses the repo-local Gofer skills; Gemini /gofer:1_gofer_research; Copilot .github prompts/skills.
Package profile: external
CLI docs: https://github.com/eai-tools/eai


            </system-out>
        </testcase>
        <testcase classname="tests/integration/init.test.ts" name="eai init &gt; creates and binds a child tenant during init when requested" time="0.779744334">
            <system-out>
→ Created app child-app under main company tenant-parent with child company tenant-child.

Creating Child App



✓ Created Child App at /private/var/folders/rk/fdfz1nk12vg880j9mr4rrl8h0000gn/T/eai-test-vMP0qA/child-app

Next steps:

Main company tenant: tenant-parent
Bound to tenant: tenant-child
Run eai provision entra inside the project to set up Entra authentication.
Template: /var/folders/rk/fdfz1nk12vg880j9mr4rrl8h0000gn/T/eai-test-vMP0qA/eai-app-template
Gofer: Claude /0_gofer_start; Codex uses the repo-local Gofer skills; Gemini /gofer:1_gofer_research; Copilot .github prompts/skills.
Package profile: external
CLI docs: https://github.com/eai-tools/eai


            </system-out>
        </testcase>
        <testcase classname="tests/integration/init.test.ts" name="eai init &gt; TC002: Initialize with --skip-prompts flag" time="0.767347417">
            <system-out>
→ Created app quick-app under main company tenant-parent with child company tenant-quick-app.

Creating Quick App



✓ Created Quick App at /private/var/folders/rk/fdfz1nk12vg880j9mr4rrl8h0000gn/T/eai-test-MMFQRB/quick-app

Next steps:

Main company tenant: tenant-parent
Bound to tenant: tenant-quick-app
Run eai provision entra inside the project to set up Entra authentication.
Template: /var/folders/rk/fdfz1nk12vg880j9mr4rrl8h0000gn/T/eai-test-MMFQRB/eai-app-template
Gofer: Claude /0_gofer_start; Codex uses the repo-local Gofer skills; Gemini /gofer:1_gofer_research; Copilot .github prompts/skills.
Package profile: external
CLI docs: https://github.com/eai-tools/eai


            </system-out>
        </testcase>
        <testcase classname="tests/integration/init.test.ts" name="eai init &gt; TC002b: Init can skip Gofer asset installation" time="0.167280458">
            <system-out>
→ Created app plain-app under main company tenant-parent with child company tenant-plain-app.

Creating Plain App



✓ Created Plain App at /private/var/folders/rk/fdfz1nk12vg880j9mr4rrl8h0000gn/T/eai-test-twksit/plain-app

Next steps:

Main company tenant: tenant-parent
Bound to tenant: tenant-plain-app
Run eai provision entra inside the project to set up Entra authentication.
Template: /var/folders/rk/fdfz1nk12vg880j9mr4rrl8h0000gn/T/eai-test-twksit/eai-app-template
Package profile: external
CLI docs: https://github.com/eai-tools/eai


            </system-out>
        </testcase>
        <testcase classname="tests/integration/init.test.ts" name="eai init &gt; HP001 INIT-REGION-001: init stamps BASE_URL_PUBLIC_API from active tenant homeRegion" time="0.741261958">
            <system-out>
→ Created app prefilled-app under main company tenant-123 with child company tenant-prefilled-app.

Creating Prefilled App



✓ Created Prefilled App at /private/var/folders/rk/fdfz1nk12vg880j9mr4rrl8h0000gn/T/eai-test-A2dt8j/prefilled-app

Next steps:

Main company tenant: tenant-123
Bound to tenant: tenant-prefilled-app
Run eai provision entra inside the project to set up Entra authentication.
Template: /var/folders/rk/fdfz1nk12vg880j9mr4rrl8h0000gn/T/eai-test-A2dt8j/eai-app-template
Gofer: Claude /0_gofer_start; Codex uses the repo-local Gofer skills; Gemini /gofer:1_gofer_research; Copilot .github prompts/skills.
Package profile: external
CLI docs: https://github.com/eai-tools/eai


            </system-out>
        </testcase>
        <testcase classname="tests/integration/init.test.ts" name="eai init &gt; TC004: Init fails when directory exists" time="0.332301917">
        </testcase>
        <testcase classname="tests/integration/init.test.ts" name="describeCloneFailure &gt; explains unreachable default template repository failures" time="0.000195583">
        </testcase>
        <testcase classname="tests/integration/init.test.ts" name="describeCloneFailure &gt; explains when git is not installed" time="0.000081125">
        </testcase>
        <testcase classname="tests/integration/init.test.ts" name="describeCloneFailure &gt; passes through unrelated clone errors" time="0.000032709">
        </testcase>
        <testcase classname="tests/integration/init.test.ts" name="resolveTemplateClonePlan &gt; treats only the canonical app template URL as the default source" time="0.000037">
        </testcase>
        <testcase classname="tests/integration/init.test.ts" name="resolveTemplateClonePlan &gt; returns the linked-source pin for the default template" time="0.000127">
        </testcase>
        <testcase classname="tests/integration/init.test.ts" name="resolveTemplateClonePlan &gt; passes through custom template sources unchanged" time="0.000053333">
        </testcase>
    </testsuite>
    <testsuite name="tests/integration/inquirer-prompt-types.test.ts" timestamp="2026-07-11T07:11:59.684Z" hostname="DRM4Pro.localdomain" tests="1" failures="0" errors="0" skipped="0" time="0.001903375">
        <testcase classname="tests/integration/inquirer-prompt-types.test.ts" name="inquirer prompt type registration &gt; all prompt types used by the CLI are registered with the installed inquirer version" time="0.001273667">
        </testcase>
    </testsuite>
    <testsuite name="tests/integration/login.test.ts" timestamp="2026-07-11T07:11:59.684Z" hostname="DRM4Pro.localdomain" tests="14" failures="0" errors="0" skipped="0" time="1.363384167">
        <testcase classname="tests/integration/login.test.ts" name="eai login &gt; help output excludes --client-id" time="0.70935075">
        </testcase>
        <testcase classname="tests/integration/login.test.ts" name="eai login &gt; unknown --client-id option is rejected" time="0.516124584">
        </testcase>
        <testcase classname="tests/integration/login.test.ts" name="eai login &gt; getBrowserOpenCommand preserves query params on supported platforms" time="0.0349485">
        </testcase>
        <testcase classname="tests/integration/login.test.ts" name="eai login &gt; default production auth scope includes PublicAPI audience" time="0.003532667">
        </testcase>
        <testcase classname="tests/integration/login.test.ts" name="eai login &gt; default profile resolves auth target from explicit CLI env overrides" time="0.003897459">
        </testcase>
        <testcase classname="tests/integration/login.test.ts" name="eai login &gt; default profile flags explicit non-prod auth overrides without a CLI client ID" time="0.005332">
        </testcase>
        <testcase classname="tests/integration/login.test.ts" name="eai login &gt; default profile ignores app .env.local auth runtime keys" time="0.017233667">
        </testcase>
        <testcase classname="tests/integration/login.test.ts" name="eai login &gt; browserLogin completes callback flow and stores tokens" time="0.038792667">
        </testcase>
        <testcase classname="tests/integration/login.test.ts" name="eai login &gt; browserLogin falls back to email when preferred_username is absent" time="0.005952125">
        </testcase>
        <testcase classname="tests/integration/login.test.ts" name="eai login &gt; browserLogin supports fixed localhost callback ports" time="0.005904875">
        </testcase>
        <testcase classname="tests/integration/login.test.ts" name="eai login &gt; browserLogin waits for manual callback when remote browser opening fails" time="0.009325917">
        </testcase>
        <testcase classname="tests/integration/login.test.ts" name="eai login &gt; browserLogin surfaces token exchange failures" time="0.004926833">
        </testcase>
        <testcase classname="tests/integration/login.test.ts" name="eai login &gt; browserLogin rejects invalid callback ports" time="0.002585">
        </testcase>
        <testcase classname="tests/integration/login.test.ts" name="eai login &gt; refresh flow includes the stored auth scope" time="0.004379584">
        </testcase>
    </testsuite>
    <testsuite name="tests/integration/no-v3-runtime.test.ts" timestamp="2026-07-11T07:11:59.685Z" hostname="DRM4Pro.localdomain" tests="1" failures="0" errors="0" skipped="0" time="0.035988458">
        <testcase classname="tests/integration/no-v3-runtime.test.ts" name="PublicAPI v4 migration guard &gt; CLI runtime source does not call public v1 or v3 routes" time="0.035333833">
        </testcase>
    </testsuite>
    <testsuite name="tests/integration/output.test.ts" timestamp="2026-07-11T07:11:59.685Z" hostname="DRM4Pro.localdomain" tests="2" failures="0" errors="0" skipped="0" time="0.002920208">
        <testcase classname="tests/integration/output.test.ts" name="output redaction &gt; redacts common secret shapes from text output" time="0.00139675">
        </testcase>
        <testcase classname="tests/integration/output.test.ts" name="output redaction &gt; redacts sensitive keys from JSON output" time="0.000685042">
        </testcase>
    </testsuite>
    <testsuite name="tests/integration/platform-api-client.test.ts" timestamp="2026-07-11T07:11:59.685Z" hostname="DRM4Pro.localdomain" tests="38" failures="0" errors="0" skipped="0" time="0.031509667">
        <testcase classname="tests/integration/platform-api-client.test.ts" name="PlatformAPIClient &gt; caps published object type preflight lookups at the orchestrator limit" time="0.023264667">
        </testcase>
        <testcase classname="tests/integration/platform-api-client.test.ts" name="PlatformAPIClient &gt; creates object types through the public data resources router" time="0.000490708">
        </testcase>
        <testcase classname="tests/integration/platform-api-client.test.ts" name="PlatformAPIClient &gt; updates object types through the public data resources router" time="0.000207083">
        </testcase>
        <testcase classname="tests/integration/platform-api-client.test.ts" name="PlatformAPIClient &gt; scopes ResourceAPI schema sync to requested object types" time="0.000207708">
        </testcase>
        <testcase classname="tests/integration/platform-api-client.test.ts" name="PlatformAPIClient &gt; reads ResourceAPI passive schema status through the public data router" time="0.000196042">
        </testcase>
        <testcase classname="tests/integration/platform-api-client.test.ts" name="PlatformAPIClient &gt; saves app object type manifests through the public platform router" time="0.000181166">
        </testcase>
        <testcase classname="tests/integration/platform-api-client.test.ts" name="PlatformAPIClient &gt; publishes app object types through the public platform router" time="0.000143416">
        </testcase>
        <testcase classname="tests/integration/platform-api-client.test.ts" name="PlatformAPIClient &gt; reads tenant details through the public management tenant route" time="0.000137459">
        </testcase>
        <testcase classname="tests/integration/platform-api-client.test.ts" name="PlatformAPIClient &gt; routes tenant deletion through the public platform router" time="0.000190542">
        </testcase>
        <testcase classname="tests/integration/platform-api-client.test.ts" name="PlatformAPIClient &gt; sends force-hard-purge confirmation when deleting a tenant permanently" time="0.000231125">
        </testcase>
        <testcase classname="tests/integration/platform-api-client.test.ts" name="PlatformAPIClient &gt; routes child tenant admin bootstrap through the public platform router" time="0.000158125">
        </testcase>
        <testcase classname="tests/integration/platform-api-client.test.ts" name="PlatformAPIClient &gt; lists child tenants through the public platform router" time="0.000160958">
        </testcase>
        <testcase classname="tests/integration/platform-api-client.test.ts" name="PlatformAPIClient &gt; invites tenant members through the public platform member route" time="0.000160792">
        </testcase>
        <testcase classname="tests/integration/platform-api-client.test.ts" name="PlatformAPIClient &gt; invites tenant members with a role definition id without adding a default role" time="0.000127">
        </testcase>
        <testcase classname="tests/integration/platform-api-client.test.ts" name="PlatformAPIClient &gt; lists tenant members through the public platform member route" time="0.000141917">
        </testcase>
        <testcase classname="tests/integration/platform-api-client.test.ts" name="PlatformAPIClient &gt; lists tenant role definitions through the public platform member route" time="0.000120708">
        </testcase>
        <testcase classname="tests/integration/platform-api-client.test.ts" name="PlatformAPIClient &gt; looks up users and memberships through tenant-scoped public platform routes" time="0.000267334">
        </testcase>
        <testcase classname="tests/integration/platform-api-client.test.ts" name="PlatformAPIClient &gt; updates tenant member role through the public platform member route" time="0.000154166">
        </testcase>
        <testcase classname="tests/integration/platform-api-client.test.ts" name="PlatformAPIClient &gt; sends child tenant homeRegion through the public platform router" time="0.000157208">
        </testcase>
        <testcase classname="tests/integration/platform-api-client.test.ts" name="PlatformAPIClient &gt; creates apps through the public company app route" time="0.000135875">
        </testcase>
        <testcase classname="tests/integration/platform-api-client.test.ts" name="PlatformAPIClient &gt; registers source-unknown app repositories through the public platform router" time="0.000160625">
        </testcase>
        <testcase classname="tests/integration/platform-api-client.test.ts" name="PlatformAPIClient &gt; registers observed-only source-unknown app adoption metadata" time="0.000154875">
        </testcase>
        <testcase classname="tests/integration/platform-api-client.test.ts" name="PlatformAPIClient &gt; issues source-unknown workflow setup through the public platform router" time="0.000150458">
        </testcase>
        <testcase classname="tests/integration/platform-api-client.test.ts" name="PlatformAPIClient &gt; submits source-unknown workflow evidence through the public platform router" time="0.000194209">
        </testcase>
        <testcase classname="tests/integration/platform-api-client.test.ts" name="PlatformAPIClient &gt; requests source-unknown deployment handoff through the public platform router" time="0.000156125">
        </testcase>
        <testcase classname="tests/integration/platform-api-client.test.ts" name="PlatformAPIClient &gt; reads latest source-unknown deployment handoff status through the public platform router" time="0.000147">
        </testcase>
        <testcase classname="tests/integration/platform-api-client.test.ts" name="PlatformAPIClient &gt; creates app provisioning jobs through the public company app route" time="0.000126042">
        </testcase>
        <testcase classname="tests/integration/platform-api-client.test.ts" name="PlatformAPIClient &gt; posts capability evaluation requests to the public capability router" time="0.000509916">
        </testcase>
        <testcase classname="tests/integration/platform-api-client.test.ts" name="PlatformAPIClient &gt; gets runtime workflow status from the public workflow router" time="0.000185542">
        </testcase>
        <testcase classname="tests/integration/platform-api-client.test.ts" name="PlatformAPIClient &gt; gets builder readiness with repeated workflow key query params" time="0.000188792">
        </testcase>
        <testcase classname="tests/integration/platform-api-client.test.ts" name="PlatformAPIClient &gt; posts runtime workflow requests to the public workflow router" time="0.000162292">
        </testcase>
        <testcase classname="tests/integration/platform-api-client.test.ts" name="PlatformAPIClient &gt; posts chat requests with PublicAPI conversation id" time="0.000116458">
        </testcase>
        <testcase classname="tests/integration/platform-api-client.test.ts" name="PlatformAPIClient &gt; posts non-streaming chat requests with PublicAPI conversation id" time="0.000098708">
        </testcase>
        <testcase classname="tests/integration/platform-api-client.test.ts" name="PlatformAPIClient &gt; calls arbitrary allowed PublicAPI V4 paths through the guarded request helper" time="0.000128958">
        </testcase>
        <testcase classname="tests/integration/platform-api-client.test.ts" name="PlatformAPIClient &gt; rejects non-v4 paths in the public request helper" time="0.0007015">
        </testcase>
        <testcase classname="tests/integration/platform-api-client.test.ts" name="PlatformAPIClient &gt; rotates Entra app secrets through the public provision router" time="0.00016725">
        </testcase>
        <testcase classname="tests/integration/platform-api-client.test.ts" name="PlatformAPIClient &gt; passes an existing Entra client id when provisioning should reconcile a local registration" time="0.000241917">
        </testcase>
        <testcase classname="tests/integration/platform-api-client.test.ts" name="PlatformAPIClient &gt; deprovisions Entra app registrations through the public provision router" time="0.000245917">
        </testcase>
    </testsuite>
    <testsuite name="tests/integration/provision.test.ts" timestamp="2026-07-11T07:11:59.687Z" hostname="DRM4Pro.localdomain" tests="30" failures="0" errors="0" skipped="0" time="1.991292584">
        <testcase classname="tests/integration/provision.test.ts" name="eai provision entra &gt; happy path: writes ENTRA_CLIENT_ID and ENTRA_CLIENT_SECRET to .env.local" time="0.043394292">
            <system-out>
→ Provisioning Entra app registration for my-app...

✓ Entra app registration created for my-app
  Client ID            cid-1
  Client Secret        [written to .env.local]
  Redirect URIs        http://localhost:3000/api/auth/callback/microsoft-entra-id
  Directory Tenant ID  f3035369-5c1a-45f7-8ca5-5cb0ad291d26
  Directory Tenant     enterpriseaiplatform
✓ Tenant data-plane authorization complete: app was added to the tenant allowlist.

            </system-out>
            <system-err>
⚠ The client secret has been written to .env.local and cannot be retrieved again.
⚠ Do NOT commit .env.local to source control.
⚠ Platform response did not include scopes — set ENTRA_SCOPES manually.

            </system-err>
        </testcase>
        <testcase classname="tests/integration/provision.test.ts" name="eai provision entra &gt; --redirect-uri registers deployed callbacks alongside the local one" time="0.034483625">
            <system-out>
→ Provisioning Entra app registration for my-app...

✓ Entra app registration created for my-app
  Client ID            cid-1
  Client Secret        [written to .env.local]
  Redirect URIs        http://localhost:3000/api/auth/callback/microsoft-entra-id https://abc.com/api/auth/callback/microsoft-entra-id
  Directory Tenant ID  f3035369-5c1a-45f7-8ca5-5cb0ad291d26
  Directory Tenant     enterpriseaiplatform
✓ Tenant data-plane authorization complete: app was added to the tenant allowlist.

            </system-out>
            <system-err>
⚠ The client secret has been written to .env.local and cannot be retrieved again.
⚠ Do NOT commit .env.local to source control.
⚠ Platform response did not include scopes — set ENTRA_SCOPES manually.

            </system-err>
        </testcase>
        <testcase classname="tests/integration/provision.test.ts" name="eai provision entra &gt; HP001 provision entra basePath projects register and persist matching Auth.js URLs" time="0.013745083">
            <system-out>
→ Provisioning Entra app registration for no-code-builder...

✓ Entra app registration created for no-code-builder
  Client ID            cid-basepath
  Client Secret        [written to .env.local]
  Redirect URIs        http://localhost:3000/no-code-builder/api/auth/callback/microsoft-entra-id
  Directory Tenant ID  f3035369-5c1a-45f7-8ca5-5cb0ad291d26
  Directory Tenant     enterpriseaiplatform
✓ Tenant data-plane authorization complete: app was added to the tenant allowlist.

            </system-out>
            <system-err>
⚠ The client secret has been written to .env.local and cannot be retrieved again.
⚠ Do NOT commit .env.local to source control.
⚠ Platform response did not include scopes — set ENTRA_SCOPES manually.

            </system-err>
        </testcase>
        <testcase classname="tests/integration/provision.test.ts" name="eai provision entra &gt; HP002 provision entra persists requested callback when platform response contains stale defaults" time="0.011562208">
            <system-out>
→ Provisioning Entra app registration for no-code-builder...

→ App registration already exists for no-code-builder.
→ Your existing ENTRA_CLIENT_SECRET in .env.local remains valid.

✓ ENTRA_CLIENT_ID confirmed: cid-stale-response
→ Refreshed env vars from platform response: ENTRA_REDIRECT_URIS, AUTH_URL, NEXTAUTH_URL, AUTH_TRUST_HOST, ENTRA_TENANT_ID, ENTRA_TENANT_NAME
✓ Tenant data-plane authorization complete: app was already on the tenant allowlist.

            </system-out>
        </testcase>
        <testcase classname="tests/integration/provision.test.ts" name="eai provision entra &gt; BP001 provision entra falls back to localhost basePath when Auth.js URL is malformed" time="0.010705917">
            <system-out>
→ Provisioning Entra app registration for no-code-builder...

✓ Entra app registration created for no-code-builder
  Client ID            cid-bad-url
  Client Secret        [written to .env.local]
  Redirect URIs        http://localhost:3000/no-code-builder/api/auth/callback/microsoft-entra-id
  Directory Tenant ID  f3035369-5c1a-45f7-8ca5-5cb0ad291d26
  Directory Tenant     enterpriseaiplatform
✓ Tenant data-plane authorization complete: app was added to the tenant allowlist.

            </system-out>
            <system-err>
⚠ The client secret has been written to .env.local and cannot be retrieved again.
⚠ Do NOT commit .env.local to source control.
⚠ Platform response did not include scopes — set ENTRA_SCOPES manually.

            </system-err>
        </testcase>
        <testcase classname="tests/integration/provision.test.ts" name="eai provision entra &gt; storage provisioning dogfoods the PublicAPI provision route" time="0.004532875">
        </testcase>
        <testcase classname="tests/integration/provision.test.ts" name="eai provision entra &gt; resourceapi bundle provisioning uses the AdminAPI v4 passive route" time="0.073445167">
        </testcase>
        <testcase classname="tests/integration/provision.test.ts" name="eai provision entra &gt; resourceapi refresh uses the AdminAPI v4 super-admin repair route" time="0.019794916">
        </testcase>
        <testcase classname="tests/integration/provision.test.ts" name="eai provision entra &gt; default profile provisions through the prod PublicAPI when no local API URL is configured" time="1.554188958">
            <system-out>
→ Provisioning Entra app registration for my-app...

✓ Entra app registration created for my-app
  Client ID            prod-client-id
  Client Secret        [written to .env.local]
  Redirect URIs        http://localhost:3000/api/auth/callback/microsoft-entra-id
  Directory Tenant ID  f3035369-5c1a-45f7-8ca5-5cb0ad291d26
  Directory Tenant     enterpriseaiplatform
✓ Tenant data-plane authorization complete: app was added to the tenant allowlist.

            </system-out>
            <system-err>
⚠ The client secret has been written to .env.local and cannot be retrieved again.
⚠ Do NOT commit .env.local to source control.
⚠ Platform response did not include scopes — set ENTRA_SCOPES manually.

            </system-err>
        </testcase>
        <testcase classname="tests/integration/provision.test.ts" name="eai provision entra &gt; existing registration: preserves .env.local keys and confirms ENTRA_CLIENT_ID when a local secret is already present" time="0.005691667">
            <system-out>
→ Provisioning Entra app registration for my-app...

→ App registration already exists for my-app.
→ Your existing ENTRA_CLIENT_SECRET in .env.local remains valid.

✓ ENTRA_CLIENT_ID confirmed: cid-1
→ Refreshed env vars from platform response: ENTRA_REDIRECT_URIS, AUTH_URL, NEXTAUTH_URL, AUTH_TRUST_HOST, ENTRA_TENANT_ID, ENTRA_TENANT_NAME
✓ Tenant data-plane authorization complete: app was already on the tenant allowlist.

            </system-out>
        </testcase>
        <testcase classname="tests/integration/provision.test.ts" name="eai provision entra &gt; existing registration without a usable local secret exits with a rotate-secret instruction" time="0.004462208">
        </testcase>
        <testcase classname="tests/integration/provision.test.ts" name="eai provision entra &gt; placeholder ENTRA_CLIENT_ID values do not short-circuit provisioning" time="0.003865417">
            <system-out>
→ Provisioning Entra app registration for my-app...

✓ Entra app registration created for my-app
  Client ID            fresh-client-id
  Client Secret        [written to .env.local]
  Redirect URIs        http://localhost:3000/api/auth/callback/microsoft-entra-id
  Directory Tenant ID  f3035369-5c1a-45f7-8ca5-5cb0ad291d26
  Directory Tenant     enterpriseaiplatform
✓ Tenant data-plane authorization complete: app was added to the tenant allowlist.

            </system-out>
            <system-err>
⚠ The client secret has been written to .env.local and cannot be retrieved again.
⚠ Do NOT commit .env.local to source control.
⚠ Platform response did not include scopes — set ENTRA_SCOPES manually.

            </system-err>
        </testcase>
        <testcase classname="tests/integration/provision.test.ts" name="eai provision entra &gt; tenant authorization warning exits before reporting provisioning as usable" time="0.006176208">
            <system-out>
→ Provisioning Entra app registration for my-app...

→ App registration already exists for my-app.
→ Your existing ENTRA_CLIENT_SECRET in .env.local remains valid.

✓ ENTRA_CLIENT_ID confirmed: cid-tenant-blocked
→ Refreshed env vars from platform response: ENTRA_REDIRECT_URIS, AUTH_URL, NEXTAUTH_URL, AUTH_TRUST_HOST, ENTRA_TENANT_ID, ENTRA_TENANT_NAME

            </system-out>
        </testcase>
        <testcase classname="tests/integration/provision.test.ts" name="eai provision entra &gt; force re-checks an existing local ENTRA_CLIENT_ID without expecting a new secret" time="0.003789417">
            <system-out>
→ Provisioning Entra app registration for my-app...

→ App registration already exists for my-app.
→ Your existing ENTRA_CLIENT_SECRET in .env.local remains valid.

✓ ENTRA_CLIENT_ID confirmed: local-client
→ Refreshed env vars from platform response: ENTRA_REDIRECT_URIS, AUTH_URL, NEXTAUTH_URL, AUTH_TRUST_HOST, ENTRA_TENANT_ID, ENTRA_TENANT_NAME
✓ Tenant data-plane authorization complete: app was already on the tenant allowlist.

            </system-out>
        </testcase>
        <testcase classname="tests/integration/provision.test.ts" name="eai provision entra &gt; refuses to overwrite a local ENTRA_CLIENT_ID with a different platform registration" time="0.003595708">
        </testcase>
        <testcase classname="tests/integration/provision.test.ts" name="eai provision entra &gt; rotate-secret writes a new ENTRA_CLIENT_SECRET without creating a new app" time="0.003788666">
            <system-out>
→ Rotating Entra client secret for my-app...

✓ Entra client secret rotated for my-app
  Client ID      client-1
  Client Secret  [written to .env.local]
  Expires        2026-12-31T00:00:00Z

            </system-out>
            <system-err>
⚠ The new client secret has been written to .env.local and cannot be retrieved again.
⚠ Do NOT commit .env.local to source control.

            </system-err>
        </testcase>
        <testcase classname="tests/integration/provision.test.ts" name="eai provision entra &gt; deauthorize refuses to clean up without explicit force" time="0.003176875">
        </testcase>
        <testcase classname="tests/integration/provision.test.ts" name="eai provision entra &gt; deauthorize deletes the app registration and removes local Entra credentials" time="0.003764208">
            <system-out>
→ Deauthorizing Entra app registration for my-app...

✓ Entra app cleanup complete for my-app
  Client ID                     client-1
  Tenant authorization removed  yes
  App registration found        yes
  App registration deleted      yes
  Local env cleaned             ENTRA_CLIENT_ID, ENTRA_CLIENT_SECRET

            </system-out>
        </testcase>
        <testcase classname="tests/integration/provision.test.ts" name="eai provision entra &gt; deauthorize keeps local credentials when explicit client id differs from project env" time="0.003707667">
            <system-out>
→ Deauthorizing Entra app registration for my-app...

✓ Entra app cleanup complete for my-app
  Client ID                     other-client
  Tenant authorization removed  yes
  App registration found        yes
  App registration deleted      yes
  Local env cleaned             not changed

            </system-out>
        </testcase>
        <testcase classname="tests/integration/provision.test.ts" name="eai provision entra &gt; named profile API URL overrides local env when provisioning" time="0.003916375">
            <system-out>
→ Provisioning Entra app registration for my-app...

✓ Entra app registration created for my-app
  Client ID            profile-client-id
  Client Secret        [written to .env.local]
  Redirect URIs        http://localhost:3000/api/auth/callback/microsoft-entra-id
  Directory Tenant ID  test-ciam-tenant-id
  Directory Tenant     profile-test-tenant
✓ Tenant data-plane authorization complete: app was added to the tenant allowlist.

            </system-out>
            <system-err>
⚠ The client secret has been written to .env.local and cannot be retrieved again.
⚠ Do NOT commit .env.local to source control.
⚠ Platform response did not include scopes — set ENTRA_SCOPES manually.

            </system-err>
        </testcase>
        <testcase classname="tests/integration/provision.test.ts" name="eai provision entra &gt; dev profile provisions through the dev PublicAPI and ignores local env API URL" time="0.003475708">
            <system-out>
→ Provisioning Entra app registration for my-app...

✓ Entra app registration created for my-app
  Client ID            dev-client-id
  Client Secret        [written to .env.local]
  Redirect URIs        http://localhost:3000/api/auth/callback/microsoft-entra-id
  Directory Tenant ID  dev-ciam-tenant-id
  Directory Tenant     profile-dev-tenant
✓ Tenant data-plane authorization complete: app was added to the tenant allowlist.

            </system-out>
            <system-err>
⚠ The client secret has been written to .env.local and cannot be retrieved again.
⚠ Do NOT commit .env.local to source control.
⚠ Platform response did not include scopes — set ENTRA_SCOPES manually.

            </system-err>
        </testcase>
        <testcase classname="tests/integration/provision.test.ts" name="eai provision entra &gt; tenant-context failures do not expose platform response details" time="0.003226">
        </testcase>
        <testcase classname="tests/integration/provision.test.ts" name="eai provision entra &gt; auth-config mismatch exits before tenant resolution with a re-login instruction" time="0.002604334">
        </testcase>
        <testcase classname="tests/integration/provision.test.ts" name="eai provision entra &gt; HTTP 403: exits with code 1 and reports permission denied" time="0.003200375">
            <system-out>
→ Provisioning Entra app registration for my-app...

→ Server: forbidden
→ Confirm role with: eai whoami --verbose &amp;&amp; eai tenant list
→ Reference: EAI-PROVISION-FORBIDDEN

            </system-out>
        </testcase>
        <testcase classname="tests/integration/provision.test.ts" name="eai provision entra &gt; HTTP 409: exits with code 1 and reports quota exceeded" time="0.003645125">
            <system-out>
→ Provisioning Entra app registration for my-app...

→ Server: conflict
→ Reference: EAI-PROVISION-LIMIT
→ Contact your platform administrator.

            </system-out>
        </testcase>
        <testcase classname="tests/integration/provision.test.ts" name="eai provision entra &gt; HTTP 404: exits with code 1 and reports product-safe diagnostics" time="0.004063542">
        </testcase>
        <testcase classname="tests/integration/provision.test.ts" name="eai provision entra &gt; HTTP 404 with --debug reports support-safe request diagnostics" time="0.031728125">
        </testcase>
        <testcase classname="tests/integration/provision.test.ts" name="eai provision entra &gt; HTTP 501: exits with code 1 and does not expose implementation details" time="0.093419125">
        </testcase>
        <testcase classname="tests/integration/provision.test.ts" name="eai provision entra &gt; malformed success response with missing client id exits safely without writing credentials" time="0.026575708">
        </testcase>
        <testcase classname="tests/integration/provision.test.ts" name="eai provision entra &gt; malformed success response with empty client id exits safely without writing credentials" time="0.006552417">
        </testcase>
    </testsuite>
    <testsuite name="tests/integration/publicapi.test.ts" timestamp="2026-07-11T07:11:59.690Z" hostname="DRM4Pro.localdomain" tests="5" failures="0" errors="0" skipped="0" time="0.1262405">
        <testcase classname="tests/integration/publicapi.test.ts" name="eai publicapi &gt; &apos;get&apos; executes an authorized PublicAPI V4 request" time="0.027786708">
        </testcase>
        <testcase classname="tests/integration/publicapi.test.ts" name="eai publicapi &gt; &apos;post&apos; executes an authorized PublicAPI V4 request" time="0.019717792">
        </testcase>
        <testcase classname="tests/integration/publicapi.test.ts" name="eai publicapi &gt; &apos;patch&apos; executes an authorized PublicAPI V4 request" time="0.004756667">
        </testcase>
        <testcase classname="tests/integration/publicapi.test.ts" name="eai publicapi &gt; &apos;put&apos; executes an authorized PublicAPI V4 request" time="0.052714292">
        </testcase>
        <testcase classname="tests/integration/publicapi.test.ts" name="eai publicapi &gt; &apos;delete&apos; executes an authorized PublicAPI V4 request" time="0.020417791">
        </testcase>
    </testsuite>
    <testsuite name="tests/integration/resources-command.test.ts" timestamp="2026-07-11T07:11:59.690Z" hostname="DRM4Pro.localdomain" tests="1" failures="0" errors="0" skipped="0" time="0.0250795">
        <testcase classname="tests/integration/resources-command.test.ts" name="eai resources command guidance &gt; prints semantic search recovery guidance when hybrid search lacks embeddings" time="0.024358125">
        </testcase>
    </testsuite>
    <testsuite name="tests/integration/runtime-contract.test.ts" timestamp="2026-07-11T07:11:59.690Z" hostname="DRM4Pro.localdomain" tests="5" failures="0" errors="0" skipped="0" time="1.286476833">
        <testcase classname="tests/integration/runtime-contract.test.ts" name="runtime contract validation and deploy doctor &gt; validates a provider-neutral runtime contract with tenant/workflow keys" time="0.032187583">
        </testcase>
        <testcase classname="tests/integration/runtime-contract.test.ts" name="runtime contract validation and deploy doctor &gt; fails validation when a TENANT_KEYS entry lacks a workflow id declaration" time="0.029219542">
        </testcase>
        <testcase classname="tests/integration/runtime-contract.test.ts" name="runtime contract validation and deploy doctor &gt; JSON commands expose protected environment variable names without redaction" time="1.136332583">
        </testcase>
        <testcase classname="tests/integration/runtime-contract.test.ts" name="runtime contract validation and deploy doctor &gt; deploy doctor classifies runtime config failures even when health passes" time="0.052320084">
        </testcase>
        <testcase classname="tests/integration/runtime-contract.test.ts" name="runtime contract validation and deploy doctor &gt; rejects app-only service identity and anonymous platform access in tenant app contracts" time="0.035536917">
        </testcase>
    </testsuite>
    <testsuite name="tests/integration/tenant.test.ts" timestamp="2026-07-11T07:11:59.690Z" hostname="DRM4Pro.localdomain" tests="38" failures="0" errors="0" skipped="0" time="0.04663675">
        <testcase classname="tests/integration/tenant.test.ts" name="tenant list filtering &gt; recognises tenant-admin via role assignments" time="0.001449333">
        </testcase>
        <testcase classname="tests/integration/tenant.test.ts" name="tenant list filtering &gt; recognises tenant-admin via compatibility fields" time="0.0002515">
        </testcase>
        <testcase classname="tests/integration/tenant.test.ts" name="tenant list filtering &gt; filters out non-admin and inactive memberships" time="0.000404583">
        </testcase>
        <testcase classname="tests/integration/tenant.test.ts" name="tenant list filtering &gt; builds a clear zero-state for users without tenant-admin memberships" time="0.000169916">
        </testcase>
        <testcase classname="tests/integration/tenant.test.ts" name="tenant list filtering &gt; matches parent tenant via parent metadata or direct tenant id fallback" time="0.000169208">
        </testcase>
        <testcase classname="tests/integration/tenant.test.ts" name="tenant list filtering &gt; builds a tenant hierarchy tree with direct memberships marked selectable" time="0.000380958">
        </testcase>
        <testcase classname="tests/integration/tenant.test.ts" name="tenant list filtering &gt; loads direct tenant memberships without expanding every tenant hierarchy" time="0.000352667">
        </testcase>
        <testcase classname="tests/integration/tenant.test.ts" name="tenant list filtering &gt; interactive tenant selection shows hierarchy tree choices" time="0.0028295">
        </testcase>
        <testcase classname="tests/integration/tenant.test.ts" name="tenant list filtering &gt; loads child tenant hierarchy only for an explicit parent" time="0.000576125">
        </testcase>
        <testcase classname="tests/integration/tenant.test.ts" name="tenant list filtering &gt; normalizes parent tenant metadata from flat membership payloads" time="0.000315291">
        </testcase>
        <testcase classname="tests/integration/tenant.test.ts" name="tenant list filtering &gt; normalizes flat admin membership payloads into tenant entries" time="0.000119667">
        </testcase>
        <testcase classname="tests/integration/tenant.test.ts" name="tenant list filtering &gt; normalizes PublicAPI tenant membership payloads with singular role" time="0.000104166">
        </testcase>
        <testcase classname="tests/integration/tenant.test.ts" name="tenant list filtering &gt; HP003 preserves homeRegion so Canada accounts use the Canada PublicAPI URL" time="0.000129292">
        </testcase>
        <testcase classname="tests/integration/tenant.test.ts" name="tenant list filtering &gt; HP004 hydrates missing membership homeRegion from tenant management details" time="0.001558583">
        </testcase>
        <testcase classname="tests/integration/tenant.test.ts" name="tenant list filtering &gt; hydrates missing parentId from tenant management details even when region metadata already exists" time="0.000498917">
        </testcase>
        <testcase classname="tests/integration/tenant.test.ts" name="tenant list filtering &gt; returns login refresh guidance when no access token can be loaded for membership lookup" time="0.001772583">
        </testcase>
        <testcase classname="tests/integration/tenant.test.ts" name="tenant list filtering &gt; returns login refresh guidance when PublicAPI rejects membership lookup as unauthorized" time="0.000437792">
        </testcase>
        <testcase classname="tests/integration/tenant.test.ts" name="tenant list filtering &gt; HP005 resolves PublicAPI URL from tenant management when cached homeRegion is missing" time="0.000680167">
        </testcase>
        <testcase classname="tests/integration/tenant.test.ts" name="tenant list filtering &gt; evaluates a created-only tenant as not yet usable" time="0.003367916">
        </testcase>
        <testcase classname="tests/integration/tenant.test.ts" name="tenant list filtering &gt; evaluates a direct tenant-admin membership as usable" time="0.000130125">
        </testcase>
        <testcase classname="tests/integration/tenant.test.ts" name="tenant list filtering &gt; describes a bootstrapped and auto-selected child tenant truthfully" time="0.000122">
        </testcase>
        <testcase classname="tests/integration/tenant.test.ts" name="tenant list filtering &gt; describes missing bootstrap confirmation without overstating readiness" time="0.000079542">
        </testcase>
        <testcase classname="tests/integration/tenant.test.ts" name="tenant list filtering &gt; describes bootstrap failure as non-fatal when direct tenant-admin is already confirmed" time="0.000074291">
        </testcase>
        <testcase classname="tests/integration/tenant.test.ts" name="tenant list filtering &gt; describes retrospective child tenant admin bootstrap truthfully" time="0.000102">
        </testcase>
        <testcase classname="tests/integration/tenant.test.ts" name="tenant list filtering &gt; extracts the created tenant record from nested create responses" time="0.00008675">
        </testcase>
        <testcase classname="tests/integration/tenant.test.ts" name="PublicAPI URL routing order &gt; uses named profile PublicAPI URL before environment or tenant routing" time="0.000165541">
        </testcase>
        <testcase classname="tests/integration/tenant.test.ts" name="PublicAPI URL routing order &gt; uses BASE_URL_PUBLIC_API before stored tenant region routing" time="0.000236583">
        </testcase>
        <testcase classname="tests/integration/tenant.test.ts" name="PublicAPI URL routing order &gt; uses stored active tenant home region before session routing" time="0.000171917">
        </testcase>
        <testcase classname="tests/integration/tenant.test.ts" name="PublicAPI URL routing order &gt; uses trusted session routing when no override or stored home region exists" time="0.000630833">
        </testcase>
        <testcase classname="tests/integration/tenant.test.ts" name="PublicAPI URL routing order &gt; allows loopback session routing for local dev-stack smoke tests" time="0.000368833">
        </testcase>
        <testcase classname="tests/integration/tenant.test.ts" name="PublicAPI URL routing order &gt; falls back to AU when session routing returns an untrusted host" time="0.000267125">
        </testcase>
        <testcase classname="tests/integration/tenant.test.ts" name="PublicAPI URL routing order &gt; falls back to AU when no routing input is available" time="0.000148666">
        </testcase>
        <testcase classname="tests/integration/tenant.test.ts" name="active tenant PublicAPI env sync &gt; HP001 TENANT-REGION-001: selecting an EU tenant updates stale AU BASE_URL_PUBLIC_API" time="0.022772834">
        </testcase>
        <testcase classname="tests/integration/tenant.test.ts" name="active tenant PublicAPI env sync &gt; BP001 TENANT-REGION-001: unsupported homeRegion leaves BASE_URL_PUBLIC_API unchanged" time="0.003121916">
        </testcase>
        <testcase classname="tests/integration/tenant.test.ts" name="main company tenant resolution &gt; HP001 uses the selected tenant even when public metadata includes parent fields" time="0.000925">
        </testcase>
        <testcase classname="tests/integration/tenant.test.ts" name="main company tenant resolution &gt; HP002 uses the selected Builder workspace when tenant tier is omitted" time="0.000246125">
        </testcase>
        <testcase classname="tests/integration/tenant.test.ts" name="main company tenant resolution &gt; HP003 ignores ultimateParentId in public management metadata" time="0.000146625">
        </testcase>
        <testcase classname="tests/integration/tenant.test.ts" name="main company tenant resolution &gt; BP001 rejects unresolved selected tenants instead of guessing a company root" time="0.000436333">
        </testcase>
    </testsuite>
    <testsuite name="tests/integration/types.test.ts" timestamp="2026-07-11T07:11:59.692Z" hostname="DRM4Pro.localdomain" tests="83" failures="0" errors="0" skipped="0" time="0.06623675">
        <testcase classname="tests/integration/types.test.ts" name="resolveTenantIdForKey &gt; uses the explicit CLI tenant override when present" time="0.022629">
        </testcase>
        <testcase classname="tests/integration/types.test.ts" name="resolveTenantIdForKey &gt; uses the active tenant when no explicit override is provided" time="0.005676">
        </testcase>
        <testcase classname="tests/integration/types.test.ts" name="resolveTenantIdForKey &gt; returns unresolved details when no active tenant or override exists" time="0.000112959">
        </testcase>
        <testcase classname="tests/integration/types.test.ts" name="resolveDefaultTenantKey &gt; prefers the only configured key" time="0.000740958">
        </testcase>
        <testcase classname="tests/integration/types.test.ts" name="resolveDefaultTenantKey &gt; prefers an exact match on the active tenant slug" time="0.000502958">
        </testcase>
        <testcase classname="tests/integration/types.test.ts" name="resolveDefaultTenantKey &gt; falls back to template before default when multiple keys exist" time="0.000641959">
        </testcase>
        <testcase classname="tests/integration/types.test.ts" name="resolveTypesPullOutputPath &gt; preserves absolute output paths and roots relative paths" time="0.000868542">
        </testcase>
        <testcase classname="tests/integration/types.test.ts" name="app object-type publish helpers &gt; diffObjectTypesForTenant reports local, remote, changed, and unchanged groups" time="0.000718959">
        </testcase>
        <testcase classname="tests/integration/types.test.ts" name="app object-type publish helpers &gt; marks manifest object types as published when status is omitted" time="0.000116709">
        </testcase>
        <testcase classname="tests/integration/types.test.ts" name="app object-type publish helpers &gt; summarizes platform publish results including ResourceAPI sync metadata" time="0.000269625">
        </testcase>
        <testcase classname="tests/integration/types.test.ts" name="app object-type publish helpers &gt; does not fall back to direct object-type writes when manifest validation fails" time="0.000985166">
        </testcase>
        <testcase classname="tests/integration/types.test.ts" name="app object-type publish helpers &gt; adds app-owned storage repair guidance to manifest publish validation failures" time="0.001246042">
        </testcase>
        <testcase classname="tests/integration/types.test.ts" name="app object-type publish helpers &gt; does not fall back to direct object-type writes when manifest route is missing" time="0.000422792">
        </testcase>
        <testcase classname="tests/integration/types.test.ts" name="app object-type publish helpers &gt; falls back to direct object-type writes when the tenant has no app enrollment (404 app not found)" time="0.000191958">
        </testcase>
        <testcase classname="tests/integration/types.test.ts" name="app object-type publish helpers &gt; uses AdminAPI resource schema sync metadata from manifest publication" time="0.00025525">
        </testcase>
        <testcase classname="tests/integration/types.test.ts" name="ResourceAPI schema sync summary &gt; marks a successful schema sync payload as synced" time="0.000727042">
        </testcase>
        <testcase classname="tests/integration/types.test.ts" name="ResourceAPI schema sync summary &gt; marks schema sync as failed when no result proves requested bindings" time="0.0001965">
        </testcase>
        <testcase classname="tests/integration/types.test.ts" name="ResourceAPI schema sync summary &gt; marks schema sync as failed when any binding fails" time="0.000162833">
        </testcase>
        <testcase classname="tests/integration/types.test.ts" name="ResourceAPI schema sync summary &gt; marks schema sync as failed when requested binding is skipped" time="0.000140541">
        </testcase>
        <testcase classname="tests/integration/types.test.ts" name="ResourceAPI schema sync summary &gt; adds actionable guidance for untrusted ResourceAPI background applies" time="0.000305625">
        </testcase>
        <testcase classname="tests/integration/types.test.ts" name="ResourceAPI schema sync summary &gt; captures non-2xx schema sync responses as failed" time="0.000134083">
        </testcase>
        <testcase classname="tests/integration/types.test.ts" name="ResourceAPI schema sync summary &gt; redacts secrets in failed ResourceAPI result details" time="0.000199792">
        </testcase>
        <testcase classname="tests/integration/types.test.ts" name="verifyTypeSeedConvergence &gt; reports converged when all requested types are published remotely" time="0.000703667">
        </testcase>
        <testcase classname="tests/integration/types.test.ts" name="verifyTypeSeedConvergence &gt; reports partial when some requested types are still drafts remotely" time="0.000058875">
        </testcase>
        <testcase classname="tests/integration/types.test.ts" name="verifyTypeSeedConvergence &gt; reports partial when requested types are missing or writes failed" time="0.000049625">
        </testcase>
        <testcase classname="tests/integration/types.test.ts" name="verifyTypeSeedConvergence &gt; dedupes duplicate remote slugs by newest published type before comparing convergence" time="0.000061292">
        </testcase>
        <testcase classname="tests/integration/types.test.ts" name="verifyTypeSeedConvergenceWithRetry &gt; waits for payload publication before checking schema convergence" time="0.005127459">
        </testcase>
        <testcase classname="tests/integration/types.test.ts" name="verifyTypeSeedConvergenceWithRetry &gt; uses precise published lookups when the bulk page misses requested types" time="0.000204292">
        </testcase>
        <testcase classname="tests/integration/types.test.ts" name="verifyTypeSeedConvergenceWithRetry &gt; retries until published types converge" time="0.001248542">
        </testcase>
        <testcase classname="tests/integration/types.test.ts" name="verifyTypeSeedConvergenceWithRetry &gt; returns the last partial verification when convergence never happens" time="0.001233833">
        </testcase>
        <testcase classname="tests/integration/types.test.ts" name="waitForResourceApiSchemaVisibility &gt; waits for queued app-manifest ResourceAPI sync to become schema-visible" time="0.001497459">
        </testcase>
        <testcase classname="tests/integration/types.test.ts" name="waitForResourceApiSchemaVisibility &gt; accepts passive storage schema-status objectTypeSlugs as schema-visible" time="0.000166667">
        </testcase>
        <testcase classname="tests/integration/types.test.ts" name="waitForResourceApiSchemaVisibility &gt; marks queued app-manifest sync as failed when ResourceAPI schema stays stale" time="0.0013435">
        </testcase>
        <testcase classname="tests/integration/types.test.ts" name="waitForResourceApiSchemaVisibility &gt; does not poll ResourceAPI schema for terminal sync metadata" time="0.000106166">
        </testcase>
        <testcase classname="tests/integration/types.test.ts" name="findMatchingRemoteTypes &gt; prefers the most recently published duplicate when multiple docs share a slug" time="0.000081833">
        </testcase>
        <testcase classname="tests/integration/types.test.ts" name="shouldFailTypeSeedRun &gt; returns false when every tenant verification converged" time="0.0000725">
        </testcase>
        <testcase classname="tests/integration/types.test.ts" name="shouldFailTypeSeedRun &gt; returns true when any tenant verification did not converge" time="0.000032833">
        </testcase>
        <testcase classname="tests/integration/types.test.ts" name="shouldFailTypeSeedRun &gt; returns true when ResourceAPI schema sync failed after convergence" time="0.000032416">
        </testcase>
        <testcase classname="tests/integration/types.test.ts" name="shouldFailTypeSeedRun &gt; returns false when ResourceAPI schema sync is queued after convergence" time="0.000029959">
        </testcase>
        <testcase classname="tests/integration/types.test.ts" name="shouldFailTypeSeedRun &gt; returns false when ResourceAPI schema sync is pending after convergence" time="0.000027291">
        </testcase>
        <testcase classname="tests/integration/types.test.ts" name="shouldFailTypeSeedRun &gt; returns true when ResourceAPI schema sync is skipped after convergence" time="0.000025917">
        </testcase>
        <testcase classname="tests/integration/types.test.ts" name="shouldFailTypeSeedRun &gt; returns true when ResourceAPI schema sync is blocked after convergence" time="0.000025417">
        </testcase>
        <testcase classname="tests/integration/types.test.ts" name="loadObjectTypes &gt; loads object types through a file URL compatible temp import path" time="0.007865667">
        </testcase>
        <testcase classname="tests/integration/types.test.ts" name="loadObjectTypes &gt; loads generated storage binding contract values while evaluating object types" time="0.003859708">
        </testcase>
        <testcase classname="tests/integration/types.test.ts" name="validateObjectTypeDefaultValues &gt; accepts text string default values" time="0.000155333">
        </testcase>
        <testcase classname="tests/integration/types.test.ts" name="validateObjectTypeDefaultValues &gt; accepts text empty string default values" time="0.000033958">
        </testcase>
        <testcase classname="tests/integration/types.test.ts" name="validateObjectTypeDefaultValues &gt; accepts select simple string default values" time="0.000035292">
        </testcase>
        <testcase classname="tests/integration/types.test.ts" name="validateObjectTypeDefaultValues &gt; accepts select hyphenated value default values" time="0.000025333">
        </testcase>
        <testcase classname="tests/integration/types.test.ts" name="validateObjectTypeDefaultValues &gt; accepts select numeric-looking value default values" time="0.000020833">
        </testcase>
        <testcase classname="tests/integration/types.test.ts" name="validateObjectTypeDefaultValues &gt; accepts date date-only string default values" time="0.000019959">
        </testcase>
        <testcase classname="tests/integration/types.test.ts" name="validateObjectTypeDefaultValues &gt; accepts date timestamp string default values" time="0.000018833">
        </testcase>
        <testcase classname="tests/integration/types.test.ts" name="validateObjectTypeDefaultValues &gt; accepts file URL string default values" time="0.000019">
        </testcase>
        <testcase classname="tests/integration/types.test.ts" name="validateObjectTypeDefaultValues &gt; accepts file blob reference string default values" time="0.000030208">
        </testcase>
        <testcase classname="tests/integration/types.test.ts" name="validateObjectTypeDefaultValues &gt; accepts relationship UUID string default values" time="0.000027333">
        </testcase>
        <testcase classname="tests/integration/types.test.ts" name="validateObjectTypeDefaultValues &gt; accepts integer number default values" time="0.000029458">
        </testcase>
        <testcase classname="tests/integration/types.test.ts" name="validateObjectTypeDefaultValues &gt; accepts decimal number default values" time="0.000018792">
        </testcase>
        <testcase classname="tests/integration/types.test.ts" name="validateObjectTypeDefaultValues &gt; accepts boolean true default values" time="0.000017542">
        </testcase>
        <testcase classname="tests/integration/types.test.ts" name="validateObjectTypeDefaultValues &gt; accepts boolean false default values" time="0.00001725">
        </testcase>
        <testcase classname="tests/integration/types.test.ts" name="validateObjectTypeDefaultValues &gt; accepts json object default values" time="0.000033167">
        </testcase>
        <testcase classname="tests/integration/types.test.ts" name="validateObjectTypeDefaultValues &gt; accepts json array default values" time="0.000021584">
        </testcase>
        <testcase classname="tests/integration/types.test.ts" name="validateObjectTypeDefaultValues &gt; accepts json string default values" time="0.000018917">
        </testcase>
        <testcase classname="tests/integration/types.test.ts" name="validateObjectTypeDefaultValues &gt; accepts json number default values" time="0.000017417">
        </testcase>
        <testcase classname="tests/integration/types.test.ts" name="validateObjectTypeDefaultValues &gt; accepts json boolean default values" time="0.000019625">
        </testcase>
        <testcase classname="tests/integration/types.test.ts" name="validateObjectTypeDefaultValues &gt; accepts explicit null default values" time="0.00001825">
        </testcase>
        <testcase classname="tests/integration/types.test.ts" name="validateObjectTypeDefaultValues &gt; rejects select default outside option values" time="0.000046125">
        </testcase>
        <testcase classname="tests/integration/types.test.ts" name="validateObjectTypeDefaultValues &gt; rejects select default without options" time="0.000025625">
        </testcase>
        <testcase classname="tests/integration/types.test.ts" name="validateObjectTypeDefaultValues &gt; rejects text default as number" time="0.000029083">
        </testcase>
        <testcase classname="tests/integration/types.test.ts" name="validateObjectTypeDefaultValues &gt; rejects number default as string" time="0.000021209">
        </testcase>
        <testcase classname="tests/integration/types.test.ts" name="validateObjectTypeDefaultValues &gt; rejects boolean default as string" time="0.000020709">
        </testcase>
        <testcase classname="tests/integration/types.test.ts" name="collectTypeDefaultValueValidationIssues &gt; reports tenant and type context for seed-time defaultValue failures" time="0.000089875">
        </testcase>
        <testcase classname="tests/integration/types.test.ts" name="validateObjectTypeStorageMetadata &gt; rejects published types that are not storage-ready" time="0.000076959">
        </testcase>
        <testcase classname="tests/integration/types.test.ts" name="validateObjectTypeStorageMetadata &gt; accepts tenant-app PostgreSQL storage metadata shape" time="0.000059167">
        </testcase>
        <testcase classname="tests/integration/types.test.ts" name="validateObjectTypeStorageMetadata &gt; reports missing backend-specific binding fields" time="0.000042666">
        </testcase>
        <testcase classname="tests/integration/types.test.ts" name="collectTypeStorageValidationIssues &gt; accepts published types with ready PostgreSQL storage metadata" time="0.000237">
        </testcase>
        <testcase classname="tests/integration/types.test.ts" name="collectTypeStorageValidationIssues &gt; rejects legacy shared PostgreSQL aliases for app Object Types" time="0.000053333">
        </testcase>
        <testcase classname="tests/integration/types.test.ts" name="collectTypeStorageValidationIssues &gt; rejects tenant-app PostgreSQL table names without the app key fragment" time="0.000040625">
        </testcase>
        <testcase classname="tests/integration/types.test.ts" name="collectTypeStorageValidationIssues &gt; rejects tenant-app PostgreSQL table names without the exact tenant prefix" time="0.000068875">
        </testcase>
        <testcase classname="tests/integration/types.test.ts" name="collectTypeStorageValidationIssues &gt; rejects published types without ready storage metadata" time="0.000050084">
        </testcase>
        <testcase classname="tests/integration/types.test.ts" name="collectTypeStorageValidationIssues &gt; rejects ready PostgreSQL metadata with incomplete binding" time="0.000050542">
        </testcase>
        <testcase classname="tests/integration/types.test.ts" name="describeFailedPlatformResponse &gt; includes server validation detail from JSON error responses" time="0.000202917">
        </testcase>
        <testcase classname="tests/integration/types.test.ts" name="describeFailedPlatformResponse &gt; does not throw when the server nests a structured object in message" time="0.000092916">
        </testcase>
        <testcase classname="tests/integration/types.test.ts" name="describeFailedPlatformResponse &gt; falls back to status when there is no body" time="0.000096209">
        </testcase>
        <testcase classname="tests/integration/types.test.ts" name="buildPayloadEqualsParams &gt; serializes Payload filters using flat query parameter keys" time="0.0000655">
        </testcase>
    </testsuite>
    <testsuite name="tests/integration/update.test.ts" timestamp="2026-07-11T07:11:59.696Z" hostname="DRM4Pro.localdomain" tests="20" failures="0" errors="0" skipped="0" time="3.069084958">
        <testcase classname="tests/integration/update.test.ts" name="buildUpdateInstallArgs &gt; uses npmjs for canonical CLI installs by default" time="0.00110175">
        </testcase>
        <testcase classname="tests/integration/update.test.ts" name="buildUpdateInstallArgs &gt; uses the simple eai-cli alias when the alias package is installed" time="0.000108208">
        </testcase>
        <testcase classname="tests/integration/update.test.ts" name="buildUpdateInstallArgs &gt; uses the scoped static registry override for fallback installs" time="0.000079458">
        </testcase>
        <testcase classname="tests/integration/update.test.ts" name="getNpmExecutable &gt; uses npm on macOS and Linux" time="0.000132583">
        </testcase>
        <testcase classname="tests/integration/update.test.ts" name="getNpmExecutable &gt; uses npm.cmd on Windows" time="0.000052">
        </testcase>
        <testcase classname="tests/integration/update.test.ts" name="update permission guidance &gt; detects permission failures" time="0.000150209">
        </testcase>
        <testcase classname="tests/integration/update.test.ts" name="update permission guidance &gt; avoids sudo-centric guidance on Unix" time="0.000098084">
        </testcase>
        <testcase classname="tests/integration/update.test.ts" name="update permission guidance &gt; includes the static fallback registry when retrying a static-registry install" time="0.000064625">
        </testcase>
        <testcase classname="tests/integration/update.test.ts" name="update permission guidance &gt; uses elevated shell guidance on Windows" time="0.000063">
        </testcase>
        <testcase classname="tests/integration/update.test.ts" name="release channel selection &gt; compares semver numerically" time="0.000147458">
        </testcase>
        <testcase classname="tests/integration/update.test.ts" name="release channel selection &gt; returns the static registry release when present" time="0.00007475">
        </testcase>
        <testcase classname="tests/integration/update.test.ts" name="release channel selection &gt; picks the newer static registry version when multiple static snapshots are compared" time="0.000055541">
        </testcase>
        <testcase classname="tests/integration/update.test.ts" name="release channel selection &gt; prefers npmjs when npmjs and the static registry have the same version" time="0.000049834">
        </testcase>
        <testcase classname="tests/integration/update.test.ts" name="release channel selection &gt; uses the newer static fallback when npmjs is behind" time="0.0000465">
        </testcase>
        <testcase classname="tests/integration/update.test.ts" name="discovery update notifier &gt; checks for updates when a user runs root help discovery" time="0.728990084">
        </testcase>
        <testcase classname="tests/integration/update.test.ts" name="discovery update notifier &gt; checks for updates before reporting an unknown top-level command" time="0.381014833">
        </testcase>
        <testcase classname="tests/integration/update.test.ts" name="discovery update notifier &gt; keeps --describe machine-readable and free of update banners" time="0.289834667">
        </testcase>
        <testcase classname="tests/integration/update.test.ts" name="interactive update prompt safety &gt; offers update prompt only for safe interactive text commands" time="0.000159875">
        </testcase>
        <testcase classname="tests/integration/update.test.ts" name="eai update project maintenance &gt; runs read-only project maintenance during update checks" time="0.380606167">
        </testcase>
        <testcase classname="tests/integration/update.test.ts" name="eai update project maintenance &gt; applies safe Gofer maintenance during explicit update" time="1.284635792">
        </testcase>
    </testsuite>
    <testsuite name="tests/integration/user.test.ts" timestamp="2026-07-11T07:11:59.697Z" hostname="DRM4Pro.localdomain" tests="7" failures="0" errors="0" skipped="0" time="0.073330042">
        <testcase classname="tests/integration/user.test.ts" name="eai user &gt; invite calls the V4 tenant member invite route with role and JSON output" time="0.026586542">
        </testcase>
        <testcase classname="tests/integration/user.test.ts" name="eai user &gt; invite can assign a specific role definition without sending a default base role" time="0.006659583">
        </testcase>
        <testcase classname="tests/integration/user.test.ts" name="eai user &gt; invite failure emits structured recovery guidance for external service errors" time="0.010568">
        </testcase>
        <testcase classname="tests/integration/user.test.ts" name="eai user &gt; list calls the V4 tenant members route with query options" time="0.006885083">
        </testcase>
        <testcase classname="tests/integration/user.test.ts" name="eai user &gt; roles calls the V4 tenant role definitions route" time="0.005764125">
        </testcase>
        <testcase classname="tests/integration/user.test.ts" name="eai user &gt; role set by email uses the V4 invite/add flow" time="0.01287825">
        </testcase>
        <testcase classname="tests/integration/user.test.ts" name="eai user &gt; role set by member id calls the V4 member role update route" time="0.00300475">
        </testcase>
    </testsuite>
    <testsuite name="tests/integration/vertical.test.ts" timestamp="2026-07-11T07:11:59.698Z" hostname="DRM4Pro.localdomain" tests="18" failures="0" errors="0" skipped="0" time="0.251170083">
        <testcase classname="tests/integration/vertical.test.ts" name="eai app &gt; HP001 creates an app from outside an EAI project using the selected builder workspace tenant" time="0.062259125">
        </testcase>
        <testcase classname="tests/integration/vertical.test.ts" name="eai app &gt; HP003 writes canonical and legacy app env keys when selecting an app" time="0.007475542">
        </testcase>
        <testcase classname="tests/integration/vertical.test.ts" name="eai app &gt; HP004 provisions app resources through the v4 app provisioning job" time="0.007243083">
        </testcase>
        <testcase classname="tests/integration/vertical.test.ts" name="eai app &gt; HP005 plans app storage readiness without running the provisioning job during dry-run" time="0.005749583">
        </testcase>
        <testcase classname="tests/integration/vertical.test.ts" name="eai app &gt; HP004 registers an existing app repo as source-unknown under the company tenant" time="0.0068595">
        </testcase>
        <testcase classname="tests/integration/vertical.test.ts" name="eai app &gt; HP005 adopts an already-running app as observed-only source-unknown state" time="0.004213084">
        </testcase>
        <testcase classname="tests/integration/vertical.test.ts" name="eai app &gt; HP006 issues source-unknown workflow setup under the company tenant" time="0.041745959">
        </testcase>
        <testcase classname="tests/integration/vertical.test.ts" name="eai app &gt; HP007 submits source-unknown workflow evidence under the company tenant" time="0.020863042">
        </testcase>
        <testcase classname="tests/integration/vertical.test.ts" name="eai app &gt; HP008 requests source-unknown deployment handoff under the company tenant" time="0.014111416">
        </testcase>
        <testcase classname="tests/integration/vertical.test.ts" name="eai app &gt; HP009 reads source-unknown deployment handoff status under the company tenant" time="0.01633125">
        </testcase>
        <testcase classname="tests/integration/vertical.test.ts" name="eai app &gt; BC002 rejects incomplete schema provenance before registration" time="0.009456917">
        </testcase>
        <testcase classname="tests/integration/vertical.test.ts" name="eai app &gt; BC003 rejects schema provenance without an approved source anchor" time="0.008374708">
        </testcase>
        <testcase classname="tests/integration/vertical.test.ts" name="eai app &gt; BC004 rejects workflow evidence without schema provenance before request" time="0.001019667">
        </testcase>
        <testcase classname="tests/integration/vertical.test.ts" name="eai app &gt; BC005 rejects invalid deployment handoff artifact digest before request" time="0.009758208">
        </testcase>
        <testcase classname="tests/integration/vertical.test.ts" name="eai app &gt; BC006 includes TenantInfra source metadata in deployment handoff payloads" time="0.0100755">
        </testcase>
        <testcase classname="tests/integration/vertical.test.ts" name="eai app &gt; BC001 keeps the legacy vertical alias working" time="0.00374025">
        </testcase>
        <testcase classname="tests/integration/vertical.test.ts" name="eai app &gt; HP002 creates an app for the active builder workspace when tier is omitted from tenant lookups" time="0.003895541">
        </testcase>
        <testcase classname="tests/integration/vertical.test.ts" name="eai app &gt; BP001 blocks app creation for a tenant outside the current tenant-admin memberships" time="0.008362667">
        </testcase>
    </testsuite>
    <testsuite name="tests/integration/whoami.test.ts" timestamp="2026-07-11T07:11:59.699Z" hostname="DRM4Pro.localdomain" tests="4" failures="0" errors="0" skipped="0" time="4.297035875">
        <testcase classname="tests/integration/whoami.test.ts" name="eai whoami &gt; TC016: Whoami shows current user info" time="1.989747417">
        </testcase>
        <testcase classname="tests/integration/whoami.test.ts" name="eai whoami &gt; uses the resolved PublicAPI URL for membership lookup" time="0.135795708">
        </testcase>
        <testcase classname="tests/integration/whoami.test.ts" name="eai whoami &gt; plain commands ignore persisted activeProfile and profiles require explicit opt-in" time="1.501591209">
        </testcase>
        <testcase classname="tests/integration/whoami.test.ts" name="eai whoami &gt; TC018: Whoami when not logged in" time="0.669029958">
        </testcase>
    </testsuite>
</testsuites>
