<?xml version="1.0" encoding="UTF-8" ?>
<testsuites name="vitest tests" tests="320" failures="0" errors="0" time="48.172834996">
    <testsuite name="tests/integration/agent-discovery-eval.test.ts" timestamp="2026-07-11T13:01:31.911Z" hostname="DRM4Pro.localdomain" tests="1" failures="0" errors="0" skipped="0" time="6.150308791">
        <testcase classname="tests/integration/agent-discovery-eval.test.ts" name="agent discovery eval harness &gt; regex-small agent discovers guidance and handles known failures safely" time="6.149504583">
        </testcase>
    </testsuite>
    <testsuite name="tests/integration/agent-guide.test.ts" timestamp="2026-07-11T13:01:31.912Z" hostname="DRM4Pro.localdomain" tests="5" failures="0" errors="0" skipped="0" time="1.417247875">
        <testcase classname="tests/integration/agent-guide.test.ts" name="agent guide &gt; catalog tells agents how to discover commands and recover errors" time="0.006620791">
        </testcase>
        <testcase classname="tests/integration/agent-guide.test.ts" name="agent guide &gt; catalog tells agents to use user invite for normal tenant member management" time="0.001970958">
        </testcase>
        <testcase classname="tests/integration/agent-guide.test.ts" name="agent guide &gt; catalog tells agents how to choose document workflow versus resource files" time="0.003822333">
        </testcase>
        <testcase classname="tests/integration/agent-guide.test.ts" name="agent guide &gt; prints the agent guide in text mode" time="0.510269292">
        </testcase>
        <testcase classname="tests/integration/agent-guide.test.ts" name="agent guide &gt; prints the agent guide in JSON mode" time="0.893785375">
        </testcase>
    </testsuite>
    <testsuite name="tests/integration/dedicated-tenant-lifecycle.test.ts" timestamp="2026-07-11T13:01:31.912Z" hostname="DRM4Pro.localdomain" tests="2" failures="0" errors="0" skipped="0" time="0.1790045">
        <testcase classname="tests/integration/dedicated-tenant-lifecycle.test.ts" name="dedicated tenant lifecycle &gt; creates a tenant, provisions dedicated storage, and CRUDs resources via ResourceAPI" time="0.118299083">
        </testcase>
        <testcase classname="tests/integration/dedicated-tenant-lifecycle.test.ts" name="dedicated tenant lifecycle &gt; creates a child tenant with active tenant context without redundant bootstrap when already usable" time="0.059339083">
        </testcase>
    </testsuite>
    <testsuite name="tests/integration/dev.test.ts" timestamp="2026-07-11T13:01:31.912Z" hostname="DRM4Pro.localdomain" tests="5" failures="0" errors="0" skipped="0" time="0.002382833">
        <testcase classname="tests/integration/dev.test.ts" name="eai dev spawn configuration &gt; builds the npm dev script arguments with Turbopack enabled" time="0.00109475">
        </testcase>
        <testcase classname="tests/integration/dev.test.ts" name="eai dev spawn configuration &gt; builds the npm dev script arguments with Turbopack disabled" time="0.000100542">
        </testcase>
        <testcase classname="tests/integration/dev.test.ts" name="eai dev spawn configuration &gt; uses shell mode only on Windows so npm.cmd can launch reliably" time="0.000161542">
        </testcase>
        <testcase classname="tests/integration/dev.test.ts" name="eai dev port validation &gt; normalizes valid numeric ports" time="0.000194292">
        </testcase>
        <testcase classname="tests/integration/dev.test.ts" name="eai dev port validation &gt; rejects invalid or shell-sensitive port values" time="0.000098458">
        </testcase>
    </testsuite>
    <testsuite name="tests/integration/error-guidance.test.ts" timestamp="2026-07-11T13:01:31.913Z" hostname="DRM4Pro.localdomain" tests="13" failures="0" errors="0" skipped="0" time="2.416679833">
        <testcase classname="tests/integration/error-guidance.test.ts" name="error guidance catalog &gt; all bundled guidance entries are valid and public-safe" time="0.00126975">
        </testcase>
        <testcase classname="tests/integration/error-guidance.test.ts" name="error guidance catalog &gt; text errors explain why the error happened and what to try next" time="0.000346208">
        </testcase>
        <testcase classname="tests/integration/error-guidance.test.ts" name="error guidance catalog &gt; JSON errors preserve suggestion and add agent guidance" time="0.000296292">
        </testcase>
        <testcase classname="tests/integration/error-guidance.test.ts" name="error guidance catalog &gt; tenant authorization guidance includes bounded next steps" time="0.000124208">
        </testcase>
        <testcase classname="tests/integration/error-guidance.test.ts" name="error guidance catalog &gt; permission guidance sends normal user addition through user invite before child bootstrap repair" time="0.000094375">
        </testcase>
        <testcase classname="tests/integration/error-guidance.test.ts" name="error guidance catalog &gt; child relation guidance tells agents to use user invite for normal member management" time="0.000142">
        </testcase>
        <testcase classname="tests/integration/error-guidance.test.ts" name="error guidance catalog &gt; user invite external-service guidance routes agents through existing member role repair" time="0.000155333">
        </testcase>
        <testcase classname="tests/integration/error-guidance.test.ts" name="error guidance catalog &gt; app-token missing tenant guidance routes agents to tenant-scoped platform paths first" time="0.000174875">
        </testcase>
        <testcase classname="tests/integration/error-guidance.test.ts" name="error guidance catalog &gt; install-registry NO_MATCH maps to non-retryable provisioning guidance" time="0.000137541">
        </testcase>
        <testcase classname="tests/integration/error-guidance.test.ts" name="error guidance catalog &gt; semantic resource search guidance tells agents to use fulltext fallback" time="0.000436916">
        </testcase>
        <testcase classname="tests/integration/error-guidance.test.ts" name="eai errors command &gt; explains an error code in text mode" time="0.706235458">
        </testcase>
        <testcase classname="tests/integration/error-guidance.test.ts" name="eai errors command &gt; explains a reason code in JSON mode for agents" time="0.85576925">
        </testcase>
        <testcase classname="tests/integration/error-guidance.test.ts" name="eai errors command &gt; lists known guidance in JSON mode" time="0.850657416">
        </testcase>
    </testsuite>
    <testsuite name="tests/integration/full-e2e-smoke.test.ts" timestamp="2026-07-11T13:01:31.914Z" hostname="DRM4Pro.localdomain" tests="5" failures="0" errors="0" skipped="0" time="3.358007583">
        <testcase classname="tests/integration/full-e2e-smoke.test.ts" name="full e2e smoke traceability &gt; covers every public CLI leaf command from --describe" time="0.603157125">
        </testcase>
        <testcase classname="tests/integration/full-e2e-smoke.test.ts" name="full e2e smoke traceability &gt; generated plan documents option-level and alias coverage" time="1.070816167">
        </testcase>
        <testcase classname="tests/integration/full-e2e-smoke.test.ts" name="full e2e smoke traceability &gt; redacts password-like values when live auth preflight fails" time="1.681133541">
        </testcase>
        <testcase classname="tests/integration/full-e2e-smoke.test.ts" name="full e2e smoke traceability &gt; resource update smoke uses full replacement payloads for required fields" time="0.001230583">
        </testcase>
        <testcase classname="tests/integration/full-e2e-smoke.test.ts" name="full e2e smoke traceability &gt; live smoke executes opt-in invite, negative, and child cleanup paths" time="0.000420209">
        </testcase>
    </testsuite>
    <testsuite name="tests/integration/help.test.ts" timestamp="2026-07-11T13:01:31.914Z" hostname="DRM4Pro.localdomain" tests="5" failures="0" errors="0" skipped="0" time="7.229398375">
        <testcase classname="tests/integration/help.test.ts" name="CLI help output &gt; top-level help highlights the current update and getting-started workflows" time="0.513865542">
        </testcase>
        <testcase classname="tests/integration/help.test.ts" name="CLI help output &gt; login help explains the sign-in and tenant selection flow" time="0.831807125">
        </testcase>
        <testcase classname="tests/integration/help.test.ts" name="CLI help output &gt; docs help includes the simple upload-classify-index workflow" time="0.940022666">
        </testcase>
        <testcase classname="tests/integration/help.test.ts" name="CLI help output &gt; --describe outputs valid parseable JSON with the agent recovery guide" time="0.6453245">
        </testcase>
        <testcase classname="tests/integration/help.test.ts" name="CLI help output &gt; verify, runtime, deploy, doctor, gofer, template, publicapi, and update help include concrete examples" time="4.297615833">
        </testcase>
    </testsuite>
    <testsuite name="tests/integration/init.test.ts" timestamp="2026-07-11T13:01:31.914Z" hostname="DRM4Pro.localdomain" tests="16" failures="0" errors="0" skipped="0" time="10.692105125">
        <testcase classname="tests/integration/init.test.ts" name="eai init &gt; TC001: Initialize new app interactively" time="2.835140334">
        </testcase>
        <testcase classname="tests/integration/init.test.ts" name="eai init &gt; HP002: Initialize into the current empty folder when selected" time="2.074124334">
            <system-out>
→ Created app civica-migration under company tenant tenant-123.

Creating Civica Migration



✓ Created Civica Migration at /private/var/folders/rk/fdfz1nk12vg880j9mr4rrl8h0000gn/T/eai-test-uYtD0q/civica-migration

Next steps:

Main company tenant: tenant-123
Bound to tenant: tenant-123
Run eai provision entra inside the project to set up Entra authentication.
Template: /var/folders/rk/fdfz1nk12vg880j9mr4rrl8h0000gn/T/eai-test-uYtD0q/eai-app-template
Gofer: Claude /0_gofer_start; Codex uses the repo-local Gofer skills; Gemini /gofer:1_gofer_research; Copilot .github prompts/skills.
Package profile: external
CLI docs: https://github.com/eai-tools/eai


            </system-out>
        </testcase>
        <testcase classname="tests/integration/init.test.ts" name="eai init &gt; BP001: Scaffolds into a non-empty current folder" time="1.236967625">
        </testcase>
        <testcase classname="tests/integration/init.test.ts" name="eai init &gt; HP003: init shows tenant hierarchy when choosing another main company tenant" time="0.846130792">
            <system-out>
→ Created app hierarchy-app under company tenant tenant-current.

Creating Hierarchy App



✓ Created Hierarchy App at /private/var/folders/rk/fdfz1nk12vg880j9mr4rrl8h0000gn/T/eai-test-sVFFWT/hierarchy-app

Next steps:

Main company tenant: tenant-child
Bound to tenant: tenant-current
Run eai provision entra inside the project to set up Entra authentication.
Template: /var/folders/rk/fdfz1nk12vg880j9mr4rrl8h0000gn/T/eai-test-sVFFWT/eai-app-template
Gofer: Claude /0_gofer_start; Codex uses the repo-local Gofer skills; Gemini /gofer:1_gofer_research; Copilot .github prompts/skills.
Package profile: external
CLI docs: https://github.com/eai-tools/eai


            </system-out>
        </testcase>
        <testcase classname="tests/integration/init.test.ts" name="eai init &gt; TC002c: --current-dir works with --skip-prompts for automation" time="0.878418166">
            <system-out>
→ Created app current-dir-app under company tenant tenant-parent.

Creating Current Dir App



✓ Created Current Dir App at /private/var/folders/rk/fdfz1nk12vg880j9mr4rrl8h0000gn/T/eai-test-pSiqSu/current-dir-app

Next steps:

Main company tenant: tenant-parent
Bound to tenant: tenant-parent
Run eai provision entra inside the project to set up Entra authentication.
Template: /var/folders/rk/fdfz1nk12vg880j9mr4rrl8h0000gn/T/eai-test-pSiqSu/eai-app-template
Gofer: Claude /0_gofer_start; Codex uses the repo-local Gofer skills; Gemini /gofer:1_gofer_research; Copilot .github prompts/skills.
Package profile: external
CLI docs: https://github.com/eai-tools/eai


            </system-out>
        </testcase>
        <testcase classname="tests/integration/init.test.ts" name="eai init &gt; creates and binds a child tenant during init when requested" time="0.791568917">
            <system-out>
→ Created app child-app under main company tenant-parent with child company tenant-child.

Creating Child App



✓ Created Child App at /private/var/folders/rk/fdfz1nk12vg880j9mr4rrl8h0000gn/T/eai-test-WX614M/child-app

Next steps:

Main company tenant: tenant-parent
Bound to tenant: tenant-child
Run eai provision entra inside the project to set up Entra authentication.
Template: /var/folders/rk/fdfz1nk12vg880j9mr4rrl8h0000gn/T/eai-test-WX614M/eai-app-template
Gofer: Claude /0_gofer_start; Codex uses the repo-local Gofer skills; Gemini /gofer:1_gofer_research; Copilot .github prompts/skills.
Package profile: external
CLI docs: https://github.com/eai-tools/eai


            </system-out>
        </testcase>
        <testcase classname="tests/integration/init.test.ts" name="eai init &gt; TC002: Initialize with --skip-prompts flag" time="0.795134667">
            <system-out>
→ Created app quick-app under main company tenant-parent with child company tenant-quick-app.

Creating Quick App



✓ Created Quick App at /private/var/folders/rk/fdfz1nk12vg880j9mr4rrl8h0000gn/T/eai-test-LQeUCq/quick-app

Next steps:

Main company tenant: tenant-parent
Bound to tenant: tenant-quick-app
Run eai provision entra inside the project to set up Entra authentication.
Template: /var/folders/rk/fdfz1nk12vg880j9mr4rrl8h0000gn/T/eai-test-LQeUCq/eai-app-template
Gofer: Claude /0_gofer_start; Codex uses the repo-local Gofer skills; Gemini /gofer:1_gofer_research; Copilot .github prompts/skills.
Package profile: external
CLI docs: https://github.com/eai-tools/eai


            </system-out>
        </testcase>
        <testcase classname="tests/integration/init.test.ts" name="eai init &gt; TC002b: Init can skip Gofer asset installation" time="0.171521083">
            <system-out>
→ Created app plain-app under main company tenant-parent with child company tenant-plain-app.

Creating Plain App



✓ Created Plain App at /private/var/folders/rk/fdfz1nk12vg880j9mr4rrl8h0000gn/T/eai-test-KOaExz/plain-app

Next steps:

Main company tenant: tenant-parent
Bound to tenant: tenant-plain-app
Run eai provision entra inside the project to set up Entra authentication.
Template: /var/folders/rk/fdfz1nk12vg880j9mr4rrl8h0000gn/T/eai-test-KOaExz/eai-app-template
Package profile: external
CLI docs: https://github.com/eai-tools/eai


            </system-out>
        </testcase>
        <testcase classname="tests/integration/init.test.ts" name="eai init &gt; HP001 INIT-REGION-001: init stamps BASE_URL_PUBLIC_API from active tenant homeRegion" time="0.718256875">
            <system-out>
→ Created app prefilled-app under main company tenant-123 with child company tenant-prefilled-app.

Creating Prefilled App



✓ Created Prefilled App at /private/var/folders/rk/fdfz1nk12vg880j9mr4rrl8h0000gn/T/eai-test-wd1ivN/prefilled-app

Next steps:

Main company tenant: tenant-123
Bound to tenant: tenant-prefilled-app
Run eai provision entra inside the project to set up Entra authentication.
Template: /var/folders/rk/fdfz1nk12vg880j9mr4rrl8h0000gn/T/eai-test-wd1ivN/eai-app-template
Gofer: Claude /0_gofer_start; Codex uses the repo-local Gofer skills; Gemini /gofer:1_gofer_research; Copilot .github prompts/skills.
Package profile: external
CLI docs: https://github.com/eai-tools/eai


            </system-out>
        </testcase>
        <testcase classname="tests/integration/init.test.ts" name="eai init &gt; TC004: Init fails when directory exists" time="0.342456">
        </testcase>
        <testcase classname="tests/integration/init.test.ts" name="describeCloneFailure &gt; explains unreachable default template repository failures" time="0.000237292">
        </testcase>
        <testcase classname="tests/integration/init.test.ts" name="describeCloneFailure &gt; explains when git is not installed" time="0.000087125">
        </testcase>
        <testcase classname="tests/integration/init.test.ts" name="describeCloneFailure &gt; passes through unrelated clone errors" time="0.000040416">
        </testcase>
        <testcase classname="tests/integration/init.test.ts" name="resolveTemplateClonePlan &gt; treats only the canonical app template URL as the default source" time="0.0000405">
        </testcase>
        <testcase classname="tests/integration/init.test.ts" name="resolveTemplateClonePlan &gt; returns the linked-source pin for the default template" time="0.000146167">
        </testcase>
        <testcase classname="tests/integration/init.test.ts" name="resolveTemplateClonePlan &gt; passes through custom template sources unchanged" time="0.000058209">
        </testcase>
    </testsuite>
    <testsuite name="tests/integration/inquirer-prompt-types.test.ts" timestamp="2026-07-11T13:01:31.917Z" hostname="DRM4Pro.localdomain" tests="1" failures="0" errors="0" skipped="0" time="0.00342375">
        <testcase classname="tests/integration/inquirer-prompt-types.test.ts" name="inquirer prompt type registration &gt; all prompt types used by the CLI are registered with the installed inquirer version" time="0.002600667">
        </testcase>
    </testsuite>
    <testsuite name="tests/integration/login.test.ts" timestamp="2026-07-11T13:01:31.917Z" hostname="DRM4Pro.localdomain" tests="14" failures="0" errors="0" skipped="0" time="1.497805917">
        <testcase classname="tests/integration/login.test.ts" name="eai login &gt; help output excludes --client-id" time="0.517331334">
        </testcase>
        <testcase classname="tests/integration/login.test.ts" name="eai login &gt; unknown --client-id option is rejected" time="0.844785334">
        </testcase>
        <testcase classname="tests/integration/login.test.ts" name="eai login &gt; getBrowserOpenCommand preserves query params on supported platforms" time="0.02808025">
        </testcase>
        <testcase classname="tests/integration/login.test.ts" name="eai login &gt; default production auth scope includes PublicAPI audience" time="0.002804">
        </testcase>
        <testcase classname="tests/integration/login.test.ts" name="eai login &gt; default profile resolves auth target from explicit CLI env overrides" time="0.003995542">
        </testcase>
        <testcase classname="tests/integration/login.test.ts" name="eai login &gt; default profile flags explicit non-prod auth overrides without a CLI client ID" time="0.002773375">
        </testcase>
        <testcase classname="tests/integration/login.test.ts" name="eai login &gt; default profile ignores app .env.local auth runtime keys" time="0.008108">
        </testcase>
        <testcase classname="tests/integration/login.test.ts" name="eai login &gt; browserLogin completes callback flow and stores tokens" time="0.029100292">
        </testcase>
        <testcase classname="tests/integration/login.test.ts" name="eai login &gt; browserLogin falls back to email when preferred_username is absent" time="0.006828167">
        </testcase>
        <testcase classname="tests/integration/login.test.ts" name="eai login &gt; browserLogin supports fixed localhost callback ports" time="0.008449916">
        </testcase>
        <testcase classname="tests/integration/login.test.ts" name="eai login &gt; browserLogin waits for manual callback when remote browser opening fails" time="0.01240175">
        </testcase>
        <testcase classname="tests/integration/login.test.ts" name="eai login &gt; browserLogin surfaces token exchange failures" time="0.009081875">
        </testcase>
        <testcase classname="tests/integration/login.test.ts" name="eai login &gt; browserLogin rejects invalid callback ports" time="0.003041666">
        </testcase>
        <testcase classname="tests/integration/login.test.ts" name="eai login &gt; refresh flow includes the stored auth scope" time="0.019308375">
        </testcase>
    </testsuite>
    <testsuite name="tests/integration/no-v3-runtime.test.ts" timestamp="2026-07-11T13:01:31.918Z" hostname="DRM4Pro.localdomain" tests="1" failures="0" errors="0" skipped="0" time="0.159542">
        <testcase classname="tests/integration/no-v3-runtime.test.ts" name="PublicAPI v4 migration guard &gt; CLI runtime source does not call public v1 or v3 routes" time="0.15890725">
        </testcase>
    </testsuite>
    <testsuite name="tests/integration/output.test.ts" timestamp="2026-07-11T13:01:31.918Z" hostname="DRM4Pro.localdomain" tests="2" failures="0" errors="0" skipped="0" time="0.002497625">
        <testcase classname="tests/integration/output.test.ts" name="output redaction &gt; redacts common secret shapes from text output" time="0.001258875">
        </testcase>
        <testcase classname="tests/integration/output.test.ts" name="output redaction &gt; redacts sensitive keys from JSON output" time="0.000643666">
        </testcase>
    </testsuite>
    <testsuite name="tests/integration/platform-api-client.test.ts" timestamp="2026-07-11T13:01:31.919Z" hostname="DRM4Pro.localdomain" tests="38" failures="0" errors="0" skipped="0" time="0.106763333">
        <testcase classname="tests/integration/platform-api-client.test.ts" name="PlatformAPIClient &gt; caps published object type preflight lookups at the orchestrator limit" time="0.098188833">
        </testcase>
        <testcase classname="tests/integration/platform-api-client.test.ts" name="PlatformAPIClient &gt; creates object types through the public data resources router" time="0.000507166">
        </testcase>
        <testcase classname="tests/integration/platform-api-client.test.ts" name="PlatformAPIClient &gt; updates object types through the public data resources router" time="0.000220417">
        </testcase>
        <testcase classname="tests/integration/platform-api-client.test.ts" name="PlatformAPIClient &gt; scopes ResourceAPI schema sync to requested object types" time="0.000233125">
        </testcase>
        <testcase classname="tests/integration/platform-api-client.test.ts" name="PlatformAPIClient &gt; reads ResourceAPI passive schema status through the public data router" time="0.000225916">
        </testcase>
        <testcase classname="tests/integration/platform-api-client.test.ts" name="PlatformAPIClient &gt; saves app object type manifests through the public platform router" time="0.00021575">
        </testcase>
        <testcase classname="tests/integration/platform-api-client.test.ts" name="PlatformAPIClient &gt; publishes app object types through the public platform router" time="0.00014925">
        </testcase>
        <testcase classname="tests/integration/platform-api-client.test.ts" name="PlatformAPIClient &gt; reads tenant details through the public management tenant route" time="0.000260791">
        </testcase>
        <testcase classname="tests/integration/platform-api-client.test.ts" name="PlatformAPIClient &gt; routes tenant deletion through the public platform router" time="0.000192125">
        </testcase>
        <testcase classname="tests/integration/platform-api-client.test.ts" name="PlatformAPIClient &gt; sends force-hard-purge confirmation when deleting a tenant permanently" time="0.000216583">
        </testcase>
        <testcase classname="tests/integration/platform-api-client.test.ts" name="PlatformAPIClient &gt; routes child tenant admin bootstrap through the public platform router" time="0.000151833">
        </testcase>
        <testcase classname="tests/integration/platform-api-client.test.ts" name="PlatformAPIClient &gt; lists child tenants through the public platform router" time="0.000146625">
        </testcase>
        <testcase classname="tests/integration/platform-api-client.test.ts" name="PlatformAPIClient &gt; invites tenant members through the public platform member route" time="0.0001525">
        </testcase>
        <testcase classname="tests/integration/platform-api-client.test.ts" name="PlatformAPIClient &gt; invites tenant members with a role definition id without adding a default role" time="0.000112792">
        </testcase>
        <testcase classname="tests/integration/platform-api-client.test.ts" name="PlatformAPIClient &gt; lists tenant members through the public platform member route" time="0.000131458">
        </testcase>
        <testcase classname="tests/integration/platform-api-client.test.ts" name="PlatformAPIClient &gt; lists tenant role definitions through the public platform member route" time="0.000103791">
        </testcase>
        <testcase classname="tests/integration/platform-api-client.test.ts" name="PlatformAPIClient &gt; looks up users and memberships through tenant-scoped public platform routes" time="0.00026825">
        </testcase>
        <testcase classname="tests/integration/platform-api-client.test.ts" name="PlatformAPIClient &gt; updates tenant member role through the public platform member route" time="0.000142708">
        </testcase>
        <testcase classname="tests/integration/platform-api-client.test.ts" name="PlatformAPIClient &gt; sends child tenant homeRegion through the public platform router" time="0.000147541">
        </testcase>
        <testcase classname="tests/integration/platform-api-client.test.ts" name="PlatformAPIClient &gt; creates apps through the public company app route" time="0.000110292">
        </testcase>
        <testcase classname="tests/integration/platform-api-client.test.ts" name="PlatformAPIClient &gt; registers source-unknown app repositories through the public platform router" time="0.000130042">
        </testcase>
        <testcase classname="tests/integration/platform-api-client.test.ts" name="PlatformAPIClient &gt; registers observed-only source-unknown app adoption metadata" time="0.000128084">
        </testcase>
        <testcase classname="tests/integration/platform-api-client.test.ts" name="PlatformAPIClient &gt; issues source-unknown workflow setup through the public platform router" time="0.000175584">
        </testcase>
        <testcase classname="tests/integration/platform-api-client.test.ts" name="PlatformAPIClient &gt; submits source-unknown workflow evidence through the public platform router" time="0.000170709">
        </testcase>
        <testcase classname="tests/integration/platform-api-client.test.ts" name="PlatformAPIClient &gt; requests source-unknown deployment handoff through the public platform router" time="0.000260209">
        </testcase>
        <testcase classname="tests/integration/platform-api-client.test.ts" name="PlatformAPIClient &gt; reads latest source-unknown deployment handoff status through the public platform router" time="0.000146167">
        </testcase>
        <testcase classname="tests/integration/platform-api-client.test.ts" name="PlatformAPIClient &gt; creates app provisioning jobs through the public company app route" time="0.000116875">
        </testcase>
        <testcase classname="tests/integration/platform-api-client.test.ts" name="PlatformAPIClient &gt; posts capability evaluation requests to the public capability router" time="0.00054975">
        </testcase>
        <testcase classname="tests/integration/platform-api-client.test.ts" name="PlatformAPIClient &gt; gets runtime workflow status from the public workflow router" time="0.000213125">
        </testcase>
        <testcase classname="tests/integration/platform-api-client.test.ts" name="PlatformAPIClient &gt; gets builder readiness with repeated workflow key query params" time="0.00021375">
        </testcase>
        <testcase classname="tests/integration/platform-api-client.test.ts" name="PlatformAPIClient &gt; posts runtime workflow requests to the public workflow router" time="0.000177">
        </testcase>
        <testcase classname="tests/integration/platform-api-client.test.ts" name="PlatformAPIClient &gt; posts chat requests with PublicAPI conversation id" time="0.00013275">
        </testcase>
        <testcase classname="tests/integration/platform-api-client.test.ts" name="PlatformAPIClient &gt; posts non-streaming chat requests with PublicAPI conversation id" time="0.000106625">
        </testcase>
        <testcase classname="tests/integration/platform-api-client.test.ts" name="PlatformAPIClient &gt; calls arbitrary allowed PublicAPI V4 paths through the guarded request helper" time="0.000133875">
        </testcase>
        <testcase classname="tests/integration/platform-api-client.test.ts" name="PlatformAPIClient &gt; rejects non-v4 paths in the public request helper" time="0.000752458">
        </testcase>
        <testcase classname="tests/integration/platform-api-client.test.ts" name="PlatformAPIClient &gt; rotates Entra app secrets through the public provision router" time="0.000186083">
        </testcase>
        <testcase classname="tests/integration/platform-api-client.test.ts" name="PlatformAPIClient &gt; passes an existing Entra client id when provisioning should reconcile a local registration" time="0.000254084">
        </testcase>
        <testcase classname="tests/integration/platform-api-client.test.ts" name="PlatformAPIClient &gt; deprovisions Entra app registrations through the public provision router" time="0.000186917">
        </testcase>
    </testsuite>
    <testsuite name="tests/integration/provision.test.ts" timestamp="2026-07-11T13:01:31.921Z" hostname="DRM4Pro.localdomain" tests="30" failures="0" errors="0" skipped="0" time="1.394123958">
        <testcase classname="tests/integration/provision.test.ts" name="eai provision entra &gt; happy path: writes ENTRA_CLIENT_ID and ENTRA_CLIENT_SECRET to .env.local" time="0.042842166">
            <system-out>
→ Provisioning Entra app registration for my-app...

✓ Entra app registration created for my-app
  Client ID            cid-1
  Client Secret        [written to .env.local]
  Redirect URIs        http://localhost:3000/api/auth/callback/microsoft-entra-id
  Directory Tenant ID  f3035369-5c1a-45f7-8ca5-5cb0ad291d26
  Directory Tenant     enterpriseaiplatform
✓ Tenant data-plane authorization complete: app was added to the tenant allowlist.

            </system-out>
            <system-err>
⚠ The client secret has been written to .env.local and cannot be retrieved again.
⚠ Do NOT commit .env.local to source control.
⚠ Platform response did not include scopes — set ENTRA_SCOPES manually.

            </system-err>
        </testcase>
        <testcase classname="tests/integration/provision.test.ts" name="eai provision entra &gt; --redirect-uri registers deployed callbacks alongside the local one" time="0.030784167">
            <system-out>
→ Provisioning Entra app registration for my-app...

✓ Entra app registration created for my-app
  Client ID            cid-1
  Client Secret        [written to .env.local]
  Redirect URIs        http://localhost:3000/api/auth/callback/microsoft-entra-id https://abc.com/api/auth/callback/microsoft-entra-id
  Directory Tenant ID  f3035369-5c1a-45f7-8ca5-5cb0ad291d26
  Directory Tenant     enterpriseaiplatform
✓ Tenant data-plane authorization complete: app was added to the tenant allowlist.

            </system-out>
            <system-err>
⚠ The client secret has been written to .env.local and cannot be retrieved again.
⚠ Do NOT commit .env.local to source control.
⚠ Platform response did not include scopes — set ENTRA_SCOPES manually.

            </system-err>
        </testcase>
        <testcase classname="tests/integration/provision.test.ts" name="eai provision entra &gt; HP001 provision entra basePath projects register and persist matching Auth.js URLs" time="0.043002875">
            <system-out>
→ Provisioning Entra app registration for no-code-builder...

✓ Entra app registration created for no-code-builder
  Client ID            cid-basepath
  Client Secret        [written to .env.local]
  Redirect URIs        http://localhost:3000/no-code-builder/api/auth/callback/microsoft-entra-id
  Directory Tenant ID  f3035369-5c1a-45f7-8ca5-5cb0ad291d26
  Directory Tenant     enterpriseaiplatform
✓ Tenant data-plane authorization complete: app was added to the tenant allowlist.

            </system-out>
            <system-err>
⚠ The client secret has been written to .env.local and cannot be retrieved again.
⚠ Do NOT commit .env.local to source control.
⚠ Platform response did not include scopes — set ENTRA_SCOPES manually.

            </system-err>
        </testcase>
        <testcase classname="tests/integration/provision.test.ts" name="eai provision entra &gt; HP002 provision entra persists requested callback when platform response contains stale defaults" time="0.142704625">
            <system-out>
→ Provisioning Entra app registration for no-code-builder...

→ App registration already exists for no-code-builder.
→ Your existing ENTRA_CLIENT_SECRET in .env.local remains valid.

✓ ENTRA_CLIENT_ID confirmed: cid-stale-response
→ Refreshed env vars from platform response: ENTRA_REDIRECT_URIS, AUTH_URL, NEXTAUTH_URL, AUTH_TRUST_HOST, ENTRA_TENANT_ID, ENTRA_TENANT_NAME
✓ Tenant data-plane authorization complete: app was already on the tenant allowlist.

            </system-out>
        </testcase>
        <testcase classname="tests/integration/provision.test.ts" name="eai provision entra &gt; BP001 provision entra falls back to localhost basePath when Auth.js URL is malformed" time="0.0141135">
            <system-out>
→ Provisioning Entra app registration for no-code-builder...

✓ Entra app registration created for no-code-builder
  Client ID            cid-bad-url
  Client Secret        [written to .env.local]
  Redirect URIs        http://localhost:3000/no-code-builder/api/auth/callback/microsoft-entra-id
  Directory Tenant ID  f3035369-5c1a-45f7-8ca5-5cb0ad291d26
  Directory Tenant     enterpriseaiplatform
✓ Tenant data-plane authorization complete: app was added to the tenant allowlist.

            </system-out>
            <system-err>
⚠ The client secret has been written to .env.local and cannot be retrieved again.
⚠ Do NOT commit .env.local to source control.
⚠ Platform response did not include scopes — set ENTRA_SCOPES manually.

            </system-err>
        </testcase>
        <testcase classname="tests/integration/provision.test.ts" name="eai provision entra &gt; storage provisioning dogfoods the PublicAPI provision route" time="0.009629667">
        </testcase>
        <testcase classname="tests/integration/provision.test.ts" name="eai provision entra &gt; resourceapi bundle provisioning uses the AdminAPI v4 passive route" time="0.101396375">
        </testcase>
        <testcase classname="tests/integration/provision.test.ts" name="eai provision entra &gt; resourceapi refresh uses the AdminAPI v4 super-admin repair route" time="0.016378667">
        </testcase>
        <testcase classname="tests/integration/provision.test.ts" name="eai provision entra &gt; default profile provisions through the prod PublicAPI when no local API URL is configured" time="0.697555792">
            <system-out>
→ Provisioning Entra app registration for my-app...

✓ Entra app registration created for my-app
  Client ID            prod-client-id
  Client Secret        [written to .env.local]
  Redirect URIs        http://localhost:3000/api/auth/callback/microsoft-entra-id
  Directory Tenant ID  f3035369-5c1a-45f7-8ca5-5cb0ad291d26
  Directory Tenant     enterpriseaiplatform
✓ Tenant data-plane authorization complete: app was added to the tenant allowlist.

            </system-out>
            <system-err>
⚠ The client secret has been written to .env.local and cannot be retrieved again.
⚠ Do NOT commit .env.local to source control.
⚠ Platform response did not include scopes — set ENTRA_SCOPES manually.

            </system-err>
        </testcase>
        <testcase classname="tests/integration/provision.test.ts" name="eai provision entra &gt; existing registration: preserves .env.local keys and confirms ENTRA_CLIENT_ID when a local secret is already present" time="0.007710625">
            <system-out>
→ Provisioning Entra app registration for my-app...

→ App registration already exists for my-app.
→ Your existing ENTRA_CLIENT_SECRET in .env.local remains valid.

✓ ENTRA_CLIENT_ID confirmed: cid-1
→ Refreshed env vars from platform response: ENTRA_REDIRECT_URIS, AUTH_URL, NEXTAUTH_URL, AUTH_TRUST_HOST, ENTRA_TENANT_ID, ENTRA_TENANT_NAME
✓ Tenant data-plane authorization complete: app was already on the tenant allowlist.

            </system-out>
        </testcase>
        <testcase classname="tests/integration/provision.test.ts" name="eai provision entra &gt; existing registration without a usable local secret exits with a rotate-secret instruction" time="0.016243625">
        </testcase>
        <testcase classname="tests/integration/provision.test.ts" name="eai provision entra &gt; placeholder ENTRA_CLIENT_ID values do not short-circuit provisioning" time="0.011719792">
            <system-out>
→ Provisioning Entra app registration for my-app...

✓ Entra app registration created for my-app
  Client ID            fresh-client-id
  Client Secret        [written to .env.local]
  Redirect URIs        http://localhost:3000/api/auth/callback/microsoft-entra-id
  Directory Tenant ID  f3035369-5c1a-45f7-8ca5-5cb0ad291d26
  Directory Tenant     enterpriseaiplatform
✓ Tenant data-plane authorization complete: app was added to the tenant allowlist.

            </system-out>
            <system-err>
⚠ The client secret has been written to .env.local and cannot be retrieved again.
⚠ Do NOT commit .env.local to source control.
⚠ Platform response did not include scopes — set ENTRA_SCOPES manually.

            </system-err>
        </testcase>
        <testcase classname="tests/integration/provision.test.ts" name="eai provision entra &gt; tenant authorization warning exits before reporting provisioning as usable" time="0.008141833">
            <system-out>
→ Provisioning Entra app registration for my-app...

→ App registration already exists for my-app.
→ Your existing ENTRA_CLIENT_SECRET in .env.local remains valid.

✓ ENTRA_CLIENT_ID confirmed: cid-tenant-blocked
→ Refreshed env vars from platform response: ENTRA_REDIRECT_URIS, AUTH_URL, NEXTAUTH_URL, AUTH_TRUST_HOST, ENTRA_TENANT_ID, ENTRA_TENANT_NAME

            </system-out>
        </testcase>
        <testcase classname="tests/integration/provision.test.ts" name="eai provision entra &gt; force re-checks an existing local ENTRA_CLIENT_ID without expecting a new secret" time="0.010460083">
            <system-out>
→ Provisioning Entra app registration for my-app...

→ App registration already exists for my-app.
→ Your existing ENTRA_CLIENT_SECRET in .env.local remains valid.

✓ ENTRA_CLIENT_ID confirmed: local-client
→ Refreshed env vars from platform response: ENTRA_REDIRECT_URIS, AUTH_URL, NEXTAUTH_URL, AUTH_TRUST_HOST, ENTRA_TENANT_ID, ENTRA_TENANT_NAME
✓ Tenant data-plane authorization complete: app was already on the tenant allowlist.

            </system-out>
        </testcase>
        <testcase classname="tests/integration/provision.test.ts" name="eai provision entra &gt; refuses to overwrite a local ENTRA_CLIENT_ID with a different platform registration" time="0.016419292">
        </testcase>
        <testcase classname="tests/integration/provision.test.ts" name="eai provision entra &gt; rotate-secret writes a new ENTRA_CLIENT_SECRET without creating a new app" time="0.008920667">
            <system-out>
→ Rotating Entra client secret for my-app...

✓ Entra client secret rotated for my-app
  Client ID      client-1
  Client Secret  [written to .env.local]
  Expires        2026-12-31T00:00:00Z

            </system-out>
            <system-err>
⚠ The new client secret has been written to .env.local and cannot be retrieved again.
⚠ Do NOT commit .env.local to source control.

            </system-err>
        </testcase>
        <testcase classname="tests/integration/provision.test.ts" name="eai provision entra &gt; deauthorize refuses to clean up without explicit force" time="0.008236625">
        </testcase>
        <testcase classname="tests/integration/provision.test.ts" name="eai provision entra &gt; deauthorize deletes the app registration and removes local Entra credentials" time="0.019118708">
            <system-out>
→ Deauthorizing Entra app registration for my-app...

✓ Entra app cleanup complete for my-app
  Client ID                     client-1
  Tenant authorization removed  yes
  App registration found        yes
  App registration deleted      yes
  Local env cleaned             ENTRA_CLIENT_ID, ENTRA_CLIENT_SECRET

            </system-out>
        </testcase>
        <testcase classname="tests/integration/provision.test.ts" name="eai provision entra &gt; deauthorize keeps local credentials when explicit client id differs from project env" time="0.015461042">
            <system-out>
→ Deauthorizing Entra app registration for my-app...

✓ Entra app cleanup complete for my-app
  Client ID                     other-client
  Tenant authorization removed  yes
  App registration found        yes
  App registration deleted      yes
  Local env cleaned             not changed

            </system-out>
        </testcase>
        <testcase classname="tests/integration/provision.test.ts" name="eai provision entra &gt; named profile API URL overrides local env when provisioning" time="0.01714175">
            <system-out>
→ Provisioning Entra app registration for my-app...

✓ Entra app registration created for my-app
  Client ID            profile-client-id
  Client Secret        [written to .env.local]
  Redirect URIs        http://localhost:3000/api/auth/callback/microsoft-entra-id
  Directory Tenant ID  test-ciam-tenant-id
  Directory Tenant     profile-test-tenant
✓ Tenant data-plane authorization complete: app was added to the tenant allowlist.

            </system-out>
            <system-err>
⚠ The client secret has been written to .env.local and cannot be retrieved again.
⚠ Do NOT commit .env.local to source control.
⚠ Platform response did not include scopes — set ENTRA_SCOPES manually.

            </system-err>
        </testcase>
        <testcase classname="tests/integration/provision.test.ts" name="eai provision entra &gt; dev profile provisions through the dev PublicAPI and ignores local env API URL" time="0.01114525">
            <system-out>
→ Provisioning Entra app registration for my-app...

✓ Entra app registration created for my-app
  Client ID            dev-client-id
  Client Secret        [written to .env.local]
  Redirect URIs        http://localhost:3000/api/auth/callback/microsoft-entra-id
  Directory Tenant ID  dev-ciam-tenant-id
  Directory Tenant     profile-dev-tenant
✓ Tenant data-plane authorization complete: app was added to the tenant allowlist.

            </system-out>
            <system-err>
⚠ The client secret has been written to .env.local and cannot be retrieved again.
⚠ Do NOT commit .env.local to source control.
⚠ Platform response did not include scopes — set ENTRA_SCOPES manually.

            </system-err>
        </testcase>
        <testcase classname="tests/integration/provision.test.ts" name="eai provision entra &gt; tenant-context failures do not expose platform response details" time="0.009125792">
        </testcase>
        <testcase classname="tests/integration/provision.test.ts" name="eai provision entra &gt; auth-config mismatch exits before tenant resolution with a re-login instruction" time="0.006891125">
        </testcase>
        <testcase classname="tests/integration/provision.test.ts" name="eai provision entra &gt; HTTP 403: exits with code 1 and reports permission denied" time="0.013296709">
            <system-out>
→ Provisioning Entra app registration for my-app...

→ Server: forbidden
→ Confirm role with: eai whoami --verbose &amp;&amp; eai tenant list
→ Reference: EAI-PROVISION-FORBIDDEN

            </system-out>
        </testcase>
        <testcase classname="tests/integration/provision.test.ts" name="eai provision entra &gt; HTTP 409: exits with code 1 and reports quota exceeded" time="0.015602584">
            <system-out>
→ Provisioning Entra app registration for my-app...

→ Server: conflict
→ Reference: EAI-PROVISION-LIMIT
→ Contact your platform administrator.

            </system-out>
        </testcase>
        <testcase classname="tests/integration/provision.test.ts" name="eai provision entra &gt; HTTP 404: exits with code 1 and reports product-safe diagnostics" time="0.008618541">
        </testcase>
        <testcase classname="tests/integration/provision.test.ts" name="eai provision entra &gt; HTTP 404 with --debug reports support-safe request diagnostics" time="0.018399125">
        </testcase>
        <testcase classname="tests/integration/provision.test.ts" name="eai provision entra &gt; HTTP 501: exits with code 1 and does not expose implementation details" time="0.042021667">
        </testcase>
        <testcase classname="tests/integration/provision.test.ts" name="eai provision entra &gt; malformed success response with missing client id exits safely without writing credentials" time="0.0157815">
        </testcase>
        <testcase classname="tests/integration/provision.test.ts" name="eai provision entra &gt; malformed success response with empty client id exits safely without writing credentials" time="0.013111333">
        </testcase>
    </testsuite>
    <testsuite name="tests/integration/publicapi.test.ts" timestamp="2026-07-11T13:01:31.925Z" hostname="DRM4Pro.localdomain" tests="5" failures="0" errors="0" skipped="0" time="0.153781791">
        <testcase classname="tests/integration/publicapi.test.ts" name="eai publicapi &gt; &apos;get&apos; executes an authorized PublicAPI V4 request" time="0.083699042">
        </testcase>
        <testcase classname="tests/integration/publicapi.test.ts" name="eai publicapi &gt; &apos;post&apos; executes an authorized PublicAPI V4 request" time="0.028897208">
        </testcase>
        <testcase classname="tests/integration/publicapi.test.ts" name="eai publicapi &gt; &apos;patch&apos; executes an authorized PublicAPI V4 request" time="0.014126334">
        </testcase>
        <testcase classname="tests/integration/publicapi.test.ts" name="eai publicapi &gt; &apos;put&apos; executes an authorized PublicAPI V4 request" time="0.008609667">
        </testcase>
        <testcase classname="tests/integration/publicapi.test.ts" name="eai publicapi &gt; &apos;delete&apos; executes an authorized PublicAPI V4 request" time="0.016908875">
        </testcase>
    </testsuite>
    <testsuite name="tests/integration/resources-command.test.ts" timestamp="2026-07-11T13:01:31.925Z" hostname="DRM4Pro.localdomain" tests="1" failures="0" errors="0" skipped="0" time="0.160319791">
        <testcase classname="tests/integration/resources-command.test.ts" name="eai resources command guidance &gt; prints semantic search recovery guidance when hybrid search lacks embeddings" time="0.159535333">
        </testcase>
    </testsuite>
    <testsuite name="tests/integration/runtime-contract.test.ts" timestamp="2026-07-11T13:01:31.925Z" hostname="DRM4Pro.localdomain" tests="5" failures="0" errors="0" skipped="0" time="2.195803541">
        <testcase classname="tests/integration/runtime-contract.test.ts" name="runtime contract validation and deploy doctor &gt; validates a provider-neutral runtime contract with tenant/workflow keys" time="0.027616458">
        </testcase>
        <testcase classname="tests/integration/runtime-contract.test.ts" name="runtime contract validation and deploy doctor &gt; fails validation when a TENANT_KEYS entry lacks a workflow id declaration" time="0.038080292">
        </testcase>
        <testcase classname="tests/integration/runtime-contract.test.ts" name="runtime contract validation and deploy doctor &gt; JSON commands expose protected environment variable names without redaction" time="2.04951625">
        </testcase>
        <testcase classname="tests/integration/runtime-contract.test.ts" name="runtime contract validation and deploy doctor &gt; deploy doctor classifies runtime config failures even when health passes" time="0.05739975">
        </testcase>
        <testcase classname="tests/integration/runtime-contract.test.ts" name="runtime contract validation and deploy doctor &gt; rejects app-only service identity and anonymous platform access in tenant app contracts" time="0.022368625">
        </testcase>
    </testsuite>
    <testsuite name="tests/integration/tenant.test.ts" timestamp="2026-07-11T13:01:31.925Z" hostname="DRM4Pro.localdomain" tests="39" failures="0" errors="0" skipped="0" time="0.114742625">
        <testcase classname="tests/integration/tenant.test.ts" name="tenant list filtering &gt; recognises tenant-admin via role assignments" time="0.001555833">
        </testcase>
        <testcase classname="tests/integration/tenant.test.ts" name="tenant list filtering &gt; recognises tenant-admin via compatibility fields" time="0.000360458">
        </testcase>
        <testcase classname="tests/integration/tenant.test.ts" name="tenant list filtering &gt; filters out non-admin and inactive memberships" time="0.000510041">
        </testcase>
        <testcase classname="tests/integration/tenant.test.ts" name="tenant list filtering &gt; builds a clear zero-state for users without tenant-admin memberships" time="0.000191584">
        </testcase>
        <testcase classname="tests/integration/tenant.test.ts" name="tenant list filtering &gt; matches parent tenant via parent metadata or direct tenant id fallback" time="0.000165667">
        </testcase>
        <testcase classname="tests/integration/tenant.test.ts" name="tenant list filtering &gt; builds a tenant hierarchy tree with direct memberships marked selectable" time="0.00039775">
        </testcase>
        <testcase classname="tests/integration/tenant.test.ts" name="tenant list filtering &gt; loads direct tenant memberships without expanding every tenant hierarchy" time="0.087797667">
        </testcase>
        <testcase classname="tests/integration/tenant.test.ts" name="tenant list filtering &gt; builds hierarchy from tenantPath when parentId is absent" time="0.000458375">
        </testcase>
        <testcase classname="tests/integration/tenant.test.ts" name="tenant list filtering &gt; interactive tenant selection shows hierarchy tree choices" time="0.002688375">
        </testcase>
        <testcase classname="tests/integration/tenant.test.ts" name="tenant list filtering &gt; loads child tenant hierarchy only for an explicit parent" time="0.00107925">
        </testcase>
        <testcase classname="tests/integration/tenant.test.ts" name="tenant list filtering &gt; normalizes parent tenant metadata from flat membership payloads" time="0.000255084">
        </testcase>
        <testcase classname="tests/integration/tenant.test.ts" name="tenant list filtering &gt; normalizes flat admin membership payloads into tenant entries" time="0.000105458">
        </testcase>
        <testcase classname="tests/integration/tenant.test.ts" name="tenant list filtering &gt; normalizes PublicAPI tenant membership payloads with singular role" time="0.000103416">
        </testcase>
        <testcase classname="tests/integration/tenant.test.ts" name="tenant list filtering &gt; HP003 preserves homeRegion so Canada accounts use the Canada PublicAPI URL" time="0.000149625">
        </testcase>
        <testcase classname="tests/integration/tenant.test.ts" name="tenant list filtering &gt; HP004 hydrates missing membership homeRegion from tenant management details" time="0.001512">
        </testcase>
        <testcase classname="tests/integration/tenant.test.ts" name="tenant list filtering &gt; hydrates missing parentId from tenant management details even when region metadata already exists" time="0.000523291">
        </testcase>
        <testcase classname="tests/integration/tenant.test.ts" name="tenant list filtering &gt; returns login refresh guidance when no access token can be loaded for membership lookup" time="0.000754291">
        </testcase>
        <testcase classname="tests/integration/tenant.test.ts" name="tenant list filtering &gt; returns login refresh guidance when PublicAPI rejects membership lookup as unauthorized" time="0.000341792">
        </testcase>
        <testcase classname="tests/integration/tenant.test.ts" name="tenant list filtering &gt; HP005 resolves PublicAPI URL from tenant management when cached homeRegion is missing" time="0.000767292">
        </testcase>
        <testcase classname="tests/integration/tenant.test.ts" name="tenant list filtering &gt; evaluates a created-only tenant as not yet usable" time="0.00013975">
        </testcase>
        <testcase classname="tests/integration/tenant.test.ts" name="tenant list filtering &gt; evaluates a direct tenant-admin membership as usable" time="0.000091333">
        </testcase>
        <testcase classname="tests/integration/tenant.test.ts" name="tenant list filtering &gt; describes a bootstrapped and auto-selected child tenant truthfully" time="0.000111584">
        </testcase>
        <testcase classname="tests/integration/tenant.test.ts" name="tenant list filtering &gt; describes missing bootstrap confirmation without overstating readiness" time="0.000078625">
        </testcase>
        <testcase classname="tests/integration/tenant.test.ts" name="tenant list filtering &gt; describes bootstrap failure as non-fatal when direct tenant-admin is already confirmed" time="0.001808375">
        </testcase>
        <testcase classname="tests/integration/tenant.test.ts" name="tenant list filtering &gt; describes retrospective child tenant admin bootstrap truthfully" time="0.000144">
        </testcase>
        <testcase classname="tests/integration/tenant.test.ts" name="tenant list filtering &gt; extracts the created tenant record from nested create responses" time="0.000108042">
        </testcase>
        <testcase classname="tests/integration/tenant.test.ts" name="PublicAPI URL routing order &gt; uses named profile PublicAPI URL before environment or tenant routing" time="0.000176542">
        </testcase>
        <testcase classname="tests/integration/tenant.test.ts" name="PublicAPI URL routing order &gt; uses BASE_URL_PUBLIC_API before stored tenant region routing" time="0.000231125">
        </testcase>
        <testcase classname="tests/integration/tenant.test.ts" name="PublicAPI URL routing order &gt; uses stored active tenant home region before session routing" time="0.000170333">
        </testcase>
        <testcase classname="tests/integration/tenant.test.ts" name="PublicAPI URL routing order &gt; uses trusted session routing when no override or stored home region exists" time="0.000620875">
        </testcase>
        <testcase classname="tests/integration/tenant.test.ts" name="PublicAPI URL routing order &gt; allows loopback session routing for local dev-stack smoke tests" time="0.000318541">
        </testcase>
        <testcase classname="tests/integration/tenant.test.ts" name="PublicAPI URL routing order &gt; falls back to AU when session routing returns an untrusted host" time="0.0002465">
        </testcase>
        <testcase classname="tests/integration/tenant.test.ts" name="PublicAPI URL routing order &gt; falls back to AU when no routing input is available" time="0.000139042">
        </testcase>
        <testcase classname="tests/integration/tenant.test.ts" name="active tenant PublicAPI env sync &gt; HP001 TENANT-REGION-001: selecting an EU tenant updates stale AU BASE_URL_PUBLIC_API" time="0.004282667">
        </testcase>
        <testcase classname="tests/integration/tenant.test.ts" name="active tenant PublicAPI env sync &gt; BP001 TENANT-REGION-001: unsupported homeRegion leaves BASE_URL_PUBLIC_API unchanged" time="0.001949125">
        </testcase>
        <testcase classname="tests/integration/tenant.test.ts" name="main company tenant resolution &gt; HP001 uses the selected tenant even when public metadata includes parent fields" time="0.000890375">
        </testcase>
        <testcase classname="tests/integration/tenant.test.ts" name="main company tenant resolution &gt; HP002 uses the selected Builder workspace when tenant tier is omitted" time="0.000501417">
        </testcase>
        <testcase classname="tests/integration/tenant.test.ts" name="main company tenant resolution &gt; HP003 ignores ultimateParentId in public management metadata" time="0.000427375">
        </testcase>
        <testcase classname="tests/integration/tenant.test.ts" name="main company tenant resolution &gt; BP001 rejects unresolved selected tenants instead of guessing a company root" time="0.00077375">
        </testcase>
    </testsuite>
    <testsuite name="tests/integration/types.test.ts" timestamp="2026-07-11T13:01:31.927Z" hostname="DRM4Pro.localdomain" tests="83" failures="0" errors="0" skipped="0" time="0.168562167">
        <testcase classname="tests/integration/types.test.ts" name="resolveTenantIdForKey &gt; uses the explicit CLI tenant override when present" time="0.001600792">
        </testcase>
        <testcase classname="tests/integration/types.test.ts" name="resolveTenantIdForKey &gt; uses the active tenant when no explicit override is provided" time="0.000106625">
        </testcase>
        <testcase classname="tests/integration/types.test.ts" name="resolveTenantIdForKey &gt; returns unresolved details when no active tenant or override exists" time="0.000079125">
        </testcase>
        <testcase classname="tests/integration/types.test.ts" name="resolveDefaultTenantKey &gt; prefers the only configured key" time="0.000113625">
        </testcase>
        <testcase classname="tests/integration/types.test.ts" name="resolveDefaultTenantKey &gt; prefers an exact match on the active tenant slug" time="0.001086083">
        </testcase>
        <testcase classname="tests/integration/types.test.ts" name="resolveDefaultTenantKey &gt; falls back to template before default when multiple keys exist" time="0.00009325">
        </testcase>
        <testcase classname="tests/integration/types.test.ts" name="resolveTypesPullOutputPath &gt; preserves absolute output paths and roots relative paths" time="0.000516417">
        </testcase>
        <testcase classname="tests/integration/types.test.ts" name="app object-type publish helpers &gt; diffObjectTypesForTenant reports local, remote, changed, and unchanged groups" time="0.00070075">
        </testcase>
        <testcase classname="tests/integration/types.test.ts" name="app object-type publish helpers &gt; marks manifest object types as published when status is omitted" time="0.000104333">
        </testcase>
        <testcase classname="tests/integration/types.test.ts" name="app object-type publish helpers &gt; summarizes platform publish results including ResourceAPI sync metadata" time="0.00027325">
        </testcase>
        <testcase classname="tests/integration/types.test.ts" name="app object-type publish helpers &gt; does not fall back to direct object-type writes when manifest validation fails" time="0.001562041">
        </testcase>
        <testcase classname="tests/integration/types.test.ts" name="app object-type publish helpers &gt; adds app-owned storage repair guidance to manifest publish validation failures" time="0.00134275">
        </testcase>
        <testcase classname="tests/integration/types.test.ts" name="app object-type publish helpers &gt; does not fall back to direct object-type writes when manifest route is missing" time="0.000456416">
        </testcase>
        <testcase classname="tests/integration/types.test.ts" name="app object-type publish helpers &gt; falls back to direct object-type writes when the tenant has no app enrollment (404 app not found)" time="0.000195">
        </testcase>
        <testcase classname="tests/integration/types.test.ts" name="app object-type publish helpers &gt; uses AdminAPI resource schema sync metadata from manifest publication" time="0.000285458">
        </testcase>
        <testcase classname="tests/integration/types.test.ts" name="ResourceAPI schema sync summary &gt; marks a successful schema sync payload as synced" time="0.000677875">
        </testcase>
        <testcase classname="tests/integration/types.test.ts" name="ResourceAPI schema sync summary &gt; marks schema sync as failed when no result proves requested bindings" time="0.000189833">
        </testcase>
        <testcase classname="tests/integration/types.test.ts" name="ResourceAPI schema sync summary &gt; marks schema sync as failed when any binding fails" time="0.000161458">
        </testcase>
        <testcase classname="tests/integration/types.test.ts" name="ResourceAPI schema sync summary &gt; marks schema sync as failed when requested binding is skipped" time="0.000143208">
        </testcase>
        <testcase classname="tests/integration/types.test.ts" name="ResourceAPI schema sync summary &gt; adds actionable guidance for untrusted ResourceAPI background applies" time="0.000320833">
        </testcase>
        <testcase classname="tests/integration/types.test.ts" name="ResourceAPI schema sync summary &gt; captures non-2xx schema sync responses as failed" time="0.000122958">
        </testcase>
        <testcase classname="tests/integration/types.test.ts" name="ResourceAPI schema sync summary &gt; redacts secrets in failed ResourceAPI result details" time="0.000203">
        </testcase>
        <testcase classname="tests/integration/types.test.ts" name="verifyTypeSeedConvergence &gt; reports converged when all requested types are published remotely" time="0.000719125">
        </testcase>
        <testcase classname="tests/integration/types.test.ts" name="verifyTypeSeedConvergence &gt; reports partial when some requested types are still drafts remotely" time="0.00006675">
        </testcase>
        <testcase classname="tests/integration/types.test.ts" name="verifyTypeSeedConvergence &gt; reports partial when requested types are missing or writes failed" time="0.000048334">
        </testcase>
        <testcase classname="tests/integration/types.test.ts" name="verifyTypeSeedConvergence &gt; dedupes duplicate remote slugs by newest published type before comparing convergence" time="0.000061834">
        </testcase>
        <testcase classname="tests/integration/types.test.ts" name="verifyTypeSeedConvergenceWithRetry &gt; waits for payload publication before checking schema convergence" time="0.015956334">
        </testcase>
        <testcase classname="tests/integration/types.test.ts" name="verifyTypeSeedConvergenceWithRetry &gt; uses precise published lookups when the bulk page misses requested types" time="0.0025785">
        </testcase>
        <testcase classname="tests/integration/types.test.ts" name="verifyTypeSeedConvergenceWithRetry &gt; retries until published types converge" time="0.023365167">
        </testcase>
        <testcase classname="tests/integration/types.test.ts" name="verifyTypeSeedConvergenceWithRetry &gt; returns the last partial verification when convergence never happens" time="0.021299791">
        </testcase>
        <testcase classname="tests/integration/types.test.ts" name="waitForResourceApiSchemaVisibility &gt; waits for queued app-manifest ResourceAPI sync to become schema-visible" time="0.017565458">
        </testcase>
        <testcase classname="tests/integration/types.test.ts" name="waitForResourceApiSchemaVisibility &gt; accepts passive storage schema-status objectTypeSlugs as schema-visible" time="0.0004805">
        </testcase>
        <testcase classname="tests/integration/types.test.ts" name="waitForResourceApiSchemaVisibility &gt; marks queued app-manifest sync as failed when ResourceAPI schema stays stale" time="0.017660417">
        </testcase>
        <testcase classname="tests/integration/types.test.ts" name="waitForResourceApiSchemaVisibility &gt; does not poll ResourceAPI schema for terminal sync metadata" time="0.0001345">
        </testcase>
        <testcase classname="tests/integration/types.test.ts" name="findMatchingRemoteTypes &gt; prefers the most recently published duplicate when multiple docs share a slug" time="0.000079792">
        </testcase>
        <testcase classname="tests/integration/types.test.ts" name="shouldFailTypeSeedRun &gt; returns false when every tenant verification converged" time="0.000071667">
        </testcase>
        <testcase classname="tests/integration/types.test.ts" name="shouldFailTypeSeedRun &gt; returns true when any tenant verification did not converge" time="0.000033208">
        </testcase>
        <testcase classname="tests/integration/types.test.ts" name="shouldFailTypeSeedRun &gt; returns true when ResourceAPI schema sync failed after convergence" time="0.000032083">
        </testcase>
        <testcase classname="tests/integration/types.test.ts" name="shouldFailTypeSeedRun &gt; returns false when ResourceAPI schema sync is queued after convergence" time="0.000028292">
        </testcase>
        <testcase classname="tests/integration/types.test.ts" name="shouldFailTypeSeedRun &gt; returns false when ResourceAPI schema sync is pending after convergence" time="0.00002675">
        </testcase>
        <testcase classname="tests/integration/types.test.ts" name="shouldFailTypeSeedRun &gt; returns true when ResourceAPI schema sync is skipped after convergence" time="0.000025333">
        </testcase>
        <testcase classname="tests/integration/types.test.ts" name="shouldFailTypeSeedRun &gt; returns true when ResourceAPI schema sync is blocked after convergence" time="0.00002625">
        </testcase>
        <testcase classname="tests/integration/types.test.ts" name="loadObjectTypes &gt; loads object types through a file URL compatible temp import path" time="0.032246417">
        </testcase>
        <testcase classname="tests/integration/types.test.ts" name="loadObjectTypes &gt; loads generated storage binding contract values while evaluating object types" time="0.020466417">
        </testcase>
        <testcase classname="tests/integration/types.test.ts" name="validateObjectTypeDefaultValues &gt; accepts text string default values" time="0.000227708">
        </testcase>
        <testcase classname="tests/integration/types.test.ts" name="validateObjectTypeDefaultValues &gt; accepts text empty string default values" time="0.00004975">
        </testcase>
        <testcase classname="tests/integration/types.test.ts" name="validateObjectTypeDefaultValues &gt; accepts select simple string default values" time="0.000047583">
        </testcase>
        <testcase classname="tests/integration/types.test.ts" name="validateObjectTypeDefaultValues &gt; accepts select hyphenated value default values" time="0.000031375">
        </testcase>
        <testcase classname="tests/integration/types.test.ts" name="validateObjectTypeDefaultValues &gt; accepts select numeric-looking value default values" time="0.000023042">
        </testcase>
        <testcase classname="tests/integration/types.test.ts" name="validateObjectTypeDefaultValues &gt; accepts date date-only string default values" time="0.000022209">
        </testcase>
        <testcase classname="tests/integration/types.test.ts" name="validateObjectTypeDefaultValues &gt; accepts date timestamp string default values" time="0.000019416">
        </testcase>
        <testcase classname="tests/integration/types.test.ts" name="validateObjectTypeDefaultValues &gt; accepts file URL string default values" time="0.000018834">
        </testcase>
        <testcase classname="tests/integration/types.test.ts" name="validateObjectTypeDefaultValues &gt; accepts file blob reference string default values" time="0.00002">
        </testcase>
        <testcase classname="tests/integration/types.test.ts" name="validateObjectTypeDefaultValues &gt; accepts relationship UUID string default values" time="0.000026833">
        </testcase>
        <testcase classname="tests/integration/types.test.ts" name="validateObjectTypeDefaultValues &gt; accepts integer number default values" time="0.000031125">
        </testcase>
        <testcase classname="tests/integration/types.test.ts" name="validateObjectTypeDefaultValues &gt; accepts decimal number default values" time="0.000018542">
        </testcase>
        <testcase classname="tests/integration/types.test.ts" name="validateObjectTypeDefaultValues &gt; accepts boolean true default values" time="0.000017875">
        </testcase>
        <testcase classname="tests/integration/types.test.ts" name="validateObjectTypeDefaultValues &gt; accepts boolean false default values" time="0.000027666">
        </testcase>
        <testcase classname="tests/integration/types.test.ts" name="validateObjectTypeDefaultValues &gt; accepts json object default values" time="0.00004425">
        </testcase>
        <testcase classname="tests/integration/types.test.ts" name="validateObjectTypeDefaultValues &gt; accepts json array default values" time="0.000030666">
        </testcase>
        <testcase classname="tests/integration/types.test.ts" name="validateObjectTypeDefaultValues &gt; accepts json string default values" time="0.000025333">
        </testcase>
        <testcase classname="tests/integration/types.test.ts" name="validateObjectTypeDefaultValues &gt; accepts json number default values" time="0.000019542">
        </testcase>
        <testcase classname="tests/integration/types.test.ts" name="validateObjectTypeDefaultValues &gt; accepts json boolean default values" time="0.000018084">
        </testcase>
        <testcase classname="tests/integration/types.test.ts" name="validateObjectTypeDefaultValues &gt; accepts explicit null default values" time="0.000017375">
        </testcase>
        <testcase classname="tests/integration/types.test.ts" name="validateObjectTypeDefaultValues &gt; rejects select default outside option values" time="0.000057625">
        </testcase>
        <testcase classname="tests/integration/types.test.ts" name="validateObjectTypeDefaultValues &gt; rejects select default without options" time="0.000031708">
        </testcase>
        <testcase classname="tests/integration/types.test.ts" name="validateObjectTypeDefaultValues &gt; rejects text default as number" time="0.000035875">
        </testcase>
        <testcase classname="tests/integration/types.test.ts" name="validateObjectTypeDefaultValues &gt; rejects number default as string" time="0.000023709">
        </testcase>
        <testcase classname="tests/integration/types.test.ts" name="validateObjectTypeDefaultValues &gt; rejects boolean default as string" time="0.000021292">
        </testcase>
        <testcase classname="tests/integration/types.test.ts" name="collectTypeDefaultValueValidationIssues &gt; reports tenant and type context for seed-time defaultValue failures" time="0.000097459">
        </testcase>
        <testcase classname="tests/integration/types.test.ts" name="validateObjectTypeStorageMetadata &gt; rejects published types that are not storage-ready" time="0.000082208">
        </testcase>
        <testcase classname="tests/integration/types.test.ts" name="validateObjectTypeStorageMetadata &gt; accepts tenant-app PostgreSQL storage metadata shape" time="0.000063375">
        </testcase>
        <testcase classname="tests/integration/types.test.ts" name="validateObjectTypeStorageMetadata &gt; reports missing backend-specific binding fields" time="0.000043166">
        </testcase>
        <testcase classname="tests/integration/types.test.ts" name="collectTypeStorageValidationIssues &gt; accepts published types with ready PostgreSQL storage metadata" time="0.001366042">
        </testcase>
        <testcase classname="tests/integration/types.test.ts" name="collectTypeStorageValidationIssues &gt; rejects legacy shared PostgreSQL aliases for app Object Types" time="0.000228958">
        </testcase>
        <testcase classname="tests/integration/types.test.ts" name="collectTypeStorageValidationIssues &gt; rejects tenant-app PostgreSQL table names without the app key fragment" time="0.000129375">
        </testcase>
        <testcase classname="tests/integration/types.test.ts" name="collectTypeStorageValidationIssues &gt; rejects tenant-app PostgreSQL table names without the exact tenant prefix" time="0.000309167">
        </testcase>
        <testcase classname="tests/integration/types.test.ts" name="collectTypeStorageValidationIssues &gt; rejects published types without ready storage metadata" time="0.000089084">
        </testcase>
        <testcase classname="tests/integration/types.test.ts" name="collectTypeStorageValidationIssues &gt; rejects ready PostgreSQL metadata with incomplete binding" time="0.000081625">
        </testcase>
        <testcase classname="tests/integration/types.test.ts" name="describeFailedPlatformResponse &gt; includes server validation detail from JSON error responses" time="0.000226667">
        </testcase>
        <testcase classname="tests/integration/types.test.ts" name="describeFailedPlatformResponse &gt; does not throw when the server nests a structured object in message" time="0.00010325">
        </testcase>
        <testcase classname="tests/integration/types.test.ts" name="describeFailedPlatformResponse &gt; falls back to status when there is no body" time="0.000100042">
        </testcase>
        <testcase classname="tests/integration/types.test.ts" name="buildPayloadEqualsParams &gt; serializes Payload filters using flat query parameter keys" time="0.0000705">
        </testcase>
    </testsuite>
    <testsuite name="tests/integration/update.test.ts" timestamp="2026-07-11T13:01:31.932Z" hostname="DRM4Pro.localdomain" tests="20" failures="0" errors="0" skipped="0" time="4.707976417">
        <testcase classname="tests/integration/update.test.ts" name="buildUpdateInstallArgs &gt; uses npmjs for canonical CLI installs by default" time="0.001052916">
        </testcase>
        <testcase classname="tests/integration/update.test.ts" name="buildUpdateInstallArgs &gt; uses the simple eai-cli alias when the alias package is installed" time="0.000092167">
        </testcase>
        <testcase classname="tests/integration/update.test.ts" name="buildUpdateInstallArgs &gt; uses the scoped static registry override for fallback installs" time="0.000075667">
        </testcase>
        <testcase classname="tests/integration/update.test.ts" name="getNpmExecutable &gt; uses npm on macOS and Linux" time="0.000122875">
        </testcase>
        <testcase classname="tests/integration/update.test.ts" name="getNpmExecutable &gt; uses npm.cmd on Windows" time="0.000052625">
        </testcase>
        <testcase classname="tests/integration/update.test.ts" name="update permission guidance &gt; detects permission failures" time="0.000141958">
        </testcase>
        <testcase classname="tests/integration/update.test.ts" name="update permission guidance &gt; avoids sudo-centric guidance on Unix" time="0.000096375">
        </testcase>
        <testcase classname="tests/integration/update.test.ts" name="update permission guidance &gt; includes the static fallback registry when retrying a static-registry install" time="0.00006775">
        </testcase>
        <testcase classname="tests/integration/update.test.ts" name="update permission guidance &gt; uses elevated shell guidance on Windows" time="0.000073125">
        </testcase>
        <testcase classname="tests/integration/update.test.ts" name="release channel selection &gt; compares semver numerically" time="0.000160292">
        </testcase>
        <testcase classname="tests/integration/update.test.ts" name="release channel selection &gt; returns the static registry release when present" time="0.000084708">
        </testcase>
        <testcase classname="tests/integration/update.test.ts" name="release channel selection &gt; picks the newer static registry version when multiple static snapshots are compared" time="0.000061209">
        </testcase>
        <testcase classname="tests/integration/update.test.ts" name="release channel selection &gt; prefers npmjs when npmjs and the static registry have the same version" time="0.0000505">
        </testcase>
        <testcase classname="tests/integration/update.test.ts" name="release channel selection &gt; uses the newer static fallback when npmjs is behind" time="0.000048458">
        </testcase>
        <testcase classname="tests/integration/update.test.ts" name="discovery update notifier &gt; checks for updates when a user runs root help discovery" time="0.828511">
        </testcase>
        <testcase classname="tests/integration/update.test.ts" name="discovery update notifier &gt; checks for updates before reporting an unknown top-level command" time="0.965155708">
        </testcase>
        <testcase classname="tests/integration/update.test.ts" name="discovery update notifier &gt; keeps --describe machine-readable and free of update banners" time="0.728026583">
        </testcase>
        <testcase classname="tests/integration/update.test.ts" name="interactive update prompt safety &gt; offers update prompt only for safe interactive text commands" time="0.000412375">
        </testcase>
        <testcase classname="tests/integration/update.test.ts" name="eai update project maintenance &gt; runs read-only project maintenance during update checks" time="1.055851042">
        </testcase>
        <testcase classname="tests/integration/update.test.ts" name="eai update project maintenance &gt; applies safe Gofer maintenance during explicit update" time="1.126457167">
        </testcase>
    </testsuite>
    <testsuite name="tests/integration/user.test.ts" timestamp="2026-07-11T13:01:31.933Z" hostname="DRM4Pro.localdomain" tests="7" failures="0" errors="0" skipped="0" time="0.270533458">
        <testcase classname="tests/integration/user.test.ts" name="eai user &gt; invite calls the V4 tenant member invite route with role and JSON output" time="0.017355041">
        </testcase>
        <testcase classname="tests/integration/user.test.ts" name="eai user &gt; invite can assign a specific role definition without sending a default base role" time="0.011339583">
        </testcase>
        <testcase classname="tests/integration/user.test.ts" name="eai user &gt; invite failure emits structured recovery guidance for external service errors" time="0.014313167">
        </testcase>
        <testcase classname="tests/integration/user.test.ts" name="eai user &gt; list calls the V4 tenant members route with query options" time="0.004998584">
        </testcase>
        <testcase classname="tests/integration/user.test.ts" name="eai user &gt; roles calls the V4 tenant role definitions route" time="0.004603167">
        </testcase>
        <testcase classname="tests/integration/user.test.ts" name="eai user &gt; role set by email uses the V4 invite/add flow" time="0.175342042">
        </testcase>
        <testcase classname="tests/integration/user.test.ts" name="eai user &gt; role set by member id calls the V4 member role update route" time="0.037462917">
        </testcase>
    </testsuite>
    <testsuite name="tests/integration/vertical.test.ts" timestamp="2026-07-11T13:01:31.934Z" hostname="DRM4Pro.localdomain" tests="18" failures="0" errors="0" skipped="0" time="0.439644">
        <testcase classname="tests/integration/vertical.test.ts" name="eai app &gt; HP001 creates an app from outside an EAI project using the selected builder workspace tenant" time="0.024894125">
        </testcase>
        <testcase classname="tests/integration/vertical.test.ts" name="eai app &gt; HP003 writes canonical and legacy app env keys when selecting an app" time="0.010932959">
        </testcase>
        <testcase classname="tests/integration/vertical.test.ts" name="eai app &gt; HP004 provisions app resources through the v4 app provisioning job" time="0.015241083">
        </testcase>
        <testcase classname="tests/integration/vertical.test.ts" name="eai app &gt; HP005 plans app storage readiness without running the provisioning job during dry-run" time="0.025845792">
        </testcase>
        <testcase classname="tests/integration/vertical.test.ts" name="eai app &gt; HP004 registers an existing app repo as source-unknown under the company tenant" time="0.019063167">
        </testcase>
        <testcase classname="tests/integration/vertical.test.ts" name="eai app &gt; HP005 adopts an already-running app as observed-only source-unknown state" time="0.011493083">
        </testcase>
        <testcase classname="tests/integration/vertical.test.ts" name="eai app &gt; HP006 issues source-unknown workflow setup under the company tenant" time="0.013684958">
        </testcase>
        <testcase classname="tests/integration/vertical.test.ts" name="eai app &gt; HP007 submits source-unknown workflow evidence under the company tenant" time="0.016905542">
        </testcase>
        <testcase classname="tests/integration/vertical.test.ts" name="eai app &gt; HP008 requests source-unknown deployment handoff under the company tenant" time="0.022433958">
        </testcase>
        <testcase classname="tests/integration/vertical.test.ts" name="eai app &gt; HP009 reads source-unknown deployment handoff status under the company tenant" time="0.154738625">
        </testcase>
        <testcase classname="tests/integration/vertical.test.ts" name="eai app &gt; BC002 rejects incomplete schema provenance before registration" time="0.004245166">
        </testcase>
        <testcase classname="tests/integration/vertical.test.ts" name="eai app &gt; BC003 rejects schema provenance without an approved source anchor" time="0.007253625">
        </testcase>
        <testcase classname="tests/integration/vertical.test.ts" name="eai app &gt; BC004 rejects workflow evidence without schema provenance before request" time="0.004971166">
        </testcase>
        <testcase classname="tests/integration/vertical.test.ts" name="eai app &gt; BC005 rejects invalid deployment handoff artifact digest before request" time="0.002555292">
        </testcase>
        <testcase classname="tests/integration/vertical.test.ts" name="eai app &gt; BC006 includes TenantInfra source metadata in deployment handoff payloads" time="0.00215425">
        </testcase>
        <testcase classname="tests/integration/vertical.test.ts" name="eai app &gt; BC001 keeps the legacy vertical alias working" time="0.057137083">
        </testcase>
        <testcase classname="tests/integration/vertical.test.ts" name="eai app &gt; HP002 creates an app for the active builder workspace when tier is omitted from tenant lookups" time="0.019038041">
        </testcase>
        <testcase classname="tests/integration/vertical.test.ts" name="eai app &gt; BP001 blocks app creation for a tenant outside the current tenant-admin memberships" time="0.025116834">
        </testcase>
    </testsuite>
    <testsuite name="tests/integration/whoami.test.ts" timestamp="2026-07-11T13:01:31.935Z" hostname="DRM4Pro.localdomain" tests="4" failures="0" errors="0" skipped="0" time="5.352179708">
        <testcase classname="tests/integration/whoami.test.ts" name="eai whoami &gt; TC016: Whoami shows current user info" time="3.095512958">
        </testcase>
        <testcase classname="tests/integration/whoami.test.ts" name="eai whoami &gt; uses the resolved PublicAPI URL for membership lookup" time="0.070267416">
        </testcase>
        <testcase classname="tests/integration/whoami.test.ts" name="eai whoami &gt; plain commands ignore persisted activeProfile and profiles require explicit opt-in" time="1.599235542">
        </testcase>
        <testcase classname="tests/integration/whoami.test.ts" name="eai whoami &gt; TC018: Whoami when not logged in" time="0.586344833">
        </testcase>
    </testsuite>
</testsuites>
